2025-11-24 16:12:58.271 [main] INFO  com.example.Project4Application - Starting Project4Application using Java 17.0.14 with PID 28191 (/home/tilium/Desktop/Aston-2/Project7/user-service/target/classes started by tilium in /home/tilium/Desktop/Aston-2/Project7)
2025-11-24 16:12:58.272 [main] DEBUG com.example.Project4Application - Running with Spring Boot v3.2.0, Spring v6.1.1
2025-11-24 16:12:58.272 [main] INFO  com.example.Project4Application - No active profile set, falling back to 1 default profile: "default"
2025-11-24 16:12:58.373 [main] ERROR o.s.boot.SpringApplication - Application run failed
java.lang.IllegalArgumentException: Docker Compose file 'compose.yaml' does not exist
	at org.springframework.util.Assert.isTrue(Assert.java:129)
	at org.springframework.boot.docker.compose.core.DockerComposeFile.of(DockerComposeFile.java:112)
	at org.springframework.boot.docker.compose.lifecycle.DockerComposeLifecycleManager.getComposeFile(DockerComposeLifecycleManager.java:141)
	at org.springframework.boot.docker.compose.lifecycle.DockerComposeLifecycleManager.start(DockerComposeLifecycleManager.java:108)
	at org.springframework.boot.docker.compose.lifecycle.DockerComposeListener.onApplicationEvent(DockerComposeListener.java:53)
	at org.springframework.boot.docker.compose.lifecycle.DockerComposeListener.onApplicationEvent(DockerComposeListener.java:35)
	at org.springframework.context.event.SimpleApplicationEventMulticaster.doInvokeListener(SimpleApplicationEventMulticaster.java:178)
	at org.springframework.context.event.SimpleApplicationEventMulticaster.invokeListener(SimpleApplicationEventMulticaster.java:171)
	at org.springframework.context.event.SimpleApplicationEventMulticaster.multicastEvent(SimpleApplicationEventMulticaster.java:149)
	at org.springframework.context.event.SimpleApplicationEventMulticaster.multicastEvent(SimpleApplicationEventMulticaster.java:137)
	at org.springframework.boot.context.event.EventPublishingRunListener.multicastInitialEvent(EventPublishingRunListener.java:136)
	at org.springframework.boot.context.event.EventPublishingRunListener.contextLoaded(EventPublishingRunListener.java:98)
	at org.springframework.boot.SpringApplicationRunListeners.lambda$contextLoaded$4(SpringApplicationRunListeners.java:72)
	at java.base/java.lang.Iterable.forEach(Iterable.java:75)
	at org.springframework.boot.SpringApplicationRunListeners.doWithListeners(SpringApplicationRunListeners.java:118)
	at org.springframework.boot.SpringApplicationRunListeners.doWithListeners(SpringApplicationRunListeners.java:112)
	at org.springframework.boot.SpringApplicationRunListeners.contextLoaded(SpringApplicationRunListeners.java:72)
	at org.springframework.boot.SpringApplication.prepareContext(SpringApplication.java:431)
	at org.springframework.boot.SpringApplication.run(SpringApplication.java:322)
	at org.springframework.boot.SpringApplication.run(SpringApplication.java:1342)
	at org.springframework.boot.SpringApplication.run(SpringApplication.java:1331)
	at com.example.Project4Application.main(Project4Application.java:20)
2025-11-24 16:16:17.606 [main] INFO  com.example.Project4Application - Starting Project4Application using Java 17.0.14 with PID 28549 (/home/tilium/Desktop/Aston-2/Project7/user-service/target/classes started by tilium in /home/tilium/Desktop/Aston-2/Project7)
2025-11-24 16:16:17.607 [main] DEBUG com.example.Project4Application - Running with Spring Boot v3.2.0, Spring v6.1.1
2025-11-24 16:16:17.607 [main] INFO  com.example.Project4Application - No active profile set, falling back to 1 default profile: "default"
2025-11-24 16:16:17.720 [main] ERROR o.s.boot.SpringApplication - Application run failed
java.lang.IllegalArgumentException: Docker Compose file 'compose.yaml' does not exist
	at org.springframework.util.Assert.isTrue(Assert.java:129)
	at org.springframework.boot.docker.compose.core.DockerComposeFile.of(DockerComposeFile.java:112)
	at org.springframework.boot.docker.compose.lifecycle.DockerComposeLifecycleManager.getComposeFile(DockerComposeLifecycleManager.java:141)
	at org.springframework.boot.docker.compose.lifecycle.DockerComposeLifecycleManager.start(DockerComposeLifecycleManager.java:108)
	at org.springframework.boot.docker.compose.lifecycle.DockerComposeListener.onApplicationEvent(DockerComposeListener.java:53)
	at org.springframework.boot.docker.compose.lifecycle.DockerComposeListener.onApplicationEvent(DockerComposeListener.java:35)
	at org.springframework.context.event.SimpleApplicationEventMulticaster.doInvokeListener(SimpleApplicationEventMulticaster.java:178)
	at org.springframework.context.event.SimpleApplicationEventMulticaster.invokeListener(SimpleApplicationEventMulticaster.java:171)
	at org.springframework.context.event.SimpleApplicationEventMulticaster.multicastEvent(SimpleApplicationEventMulticaster.java:149)
	at org.springframework.context.event.SimpleApplicationEventMulticaster.multicastEvent(SimpleApplicationEventMulticaster.java:137)
	at org.springframework.boot.context.event.EventPublishingRunListener.multicastInitialEvent(EventPublishingRunListener.java:136)
	at org.springframework.boot.context.event.EventPublishingRunListener.contextLoaded(EventPublishingRunListener.java:98)
	at org.springframework.boot.SpringApplicationRunListeners.lambda$contextLoaded$4(SpringApplicationRunListeners.java:72)
	at java.base/java.lang.Iterable.forEach(Iterable.java:75)
	at org.springframework.boot.SpringApplicationRunListeners.doWithListeners(SpringApplicationRunListeners.java:118)
	at org.springframework.boot.SpringApplicationRunListeners.doWithListeners(SpringApplicationRunListeners.java:112)
	at org.springframework.boot.SpringApplicationRunListeners.contextLoaded(SpringApplicationRunListeners.java:72)
	at org.springframework.boot.SpringApplication.prepareContext(SpringApplication.java:431)
	at org.springframework.boot.SpringApplication.run(SpringApplication.java:322)
	at org.springframework.boot.SpringApplication.run(SpringApplication.java:1342)
	at org.springframework.boot.SpringApplication.run(SpringApplication.java:1331)
	at com.example.Project4Application.main(Project4Application.java:20)
2025-11-24 16:25:37.090 [main] INFO  com.example.Project4Application - Starting Project4Application using Java 17.0.14 with PID 28923 (/home/tilium/Desktop/Aston-2/Project7/user-service/target/classes started by tilium in /home/tilium/Desktop/Aston-2/Project7)
2025-11-24 16:25:37.092 [main] DEBUG com.example.Project4Application - Running with Spring Boot v3.2.0, Spring v6.1.1
2025-11-24 16:25:37.092 [main] INFO  com.example.Project4Application - No active profile set, falling back to 1 default profile: "default"
2025-11-24 16:25:37.187 [main] ERROR o.s.boot.SpringApplication - Application run failed
java.lang.IllegalArgumentException: Docker Compose file 'compose.yaml' does not exist
	at org.springframework.util.Assert.isTrue(Assert.java:129)
	at org.springframework.boot.docker.compose.core.DockerComposeFile.of(DockerComposeFile.java:112)
	at org.springframework.boot.docker.compose.lifecycle.DockerComposeLifecycleManager.getComposeFile(DockerComposeLifecycleManager.java:141)
	at org.springframework.boot.docker.compose.lifecycle.DockerComposeLifecycleManager.start(DockerComposeLifecycleManager.java:108)
	at org.springframework.boot.docker.compose.lifecycle.DockerComposeListener.onApplicationEvent(DockerComposeListener.java:53)
	at org.springframework.boot.docker.compose.lifecycle.DockerComposeListener.onApplicationEvent(DockerComposeListener.java:35)
	at org.springframework.context.event.SimpleApplicationEventMulticaster.doInvokeListener(SimpleApplicationEventMulticaster.java:178)
	at org.springframework.context.event.SimpleApplicationEventMulticaster.invokeListener(SimpleApplicationEventMulticaster.java:171)
	at org.springframework.context.event.SimpleApplicationEventMulticaster.multicastEvent(SimpleApplicationEventMulticaster.java:149)
	at org.springframework.context.event.SimpleApplicationEventMulticaster.multicastEvent(SimpleApplicationEventMulticaster.java:137)
	at org.springframework.boot.context.event.EventPublishingRunListener.multicastInitialEvent(EventPublishingRunListener.java:136)
	at org.springframework.boot.context.event.EventPublishingRunListener.contextLoaded(EventPublishingRunListener.java:98)
	at org.springframework.boot.SpringApplicationRunListeners.lambda$contextLoaded$4(SpringApplicationRunListeners.java:72)
	at java.base/java.lang.Iterable.forEach(Iterable.java:75)
	at org.springframework.boot.SpringApplicationRunListeners.doWithListeners(SpringApplicationRunListeners.java:118)
	at org.springframework.boot.SpringApplicationRunListeners.doWithListeners(SpringApplicationRunListeners.java:112)
	at org.springframework.boot.SpringApplicationRunListeners.contextLoaded(SpringApplicationRunListeners.java:72)
	at org.springframework.boot.SpringApplication.prepareContext(SpringApplication.java:431)
	at org.springframework.boot.SpringApplication.run(SpringApplication.java:322)
	at org.springframework.boot.SpringApplication.run(SpringApplication.java:1342)
	at org.springframework.boot.SpringApplication.run(SpringApplication.java:1331)
	at com.example.Project4Application.main(Project4Application.java:20)
2025-11-24 16:27:42.218 [main] INFO  com.example.Project4Application - Starting Project4Application using Java 17.0.14 with PID 29141 (/home/tilium/Desktop/Aston-2/Project7/user-service/target/classes started by tilium in /home/tilium/Desktop/Aston-2/Project7)
2025-11-24 16:27:42.219 [main] DEBUG com.example.Project4Application - Running with Spring Boot v3.2.0, Spring v6.1.1
2025-11-24 16:27:42.220 [main] INFO  com.example.Project4Application - No active profile set, falling back to 1 default profile: "default"
2025-11-24 16:27:42.322 [main] ERROR o.s.boot.SpringApplication - Application run failed
java.lang.IllegalArgumentException: Docker Compose file 'compose.yaml' does not exist
	at org.springframework.util.Assert.isTrue(Assert.java:129)
	at org.springframework.boot.docker.compose.core.DockerComposeFile.of(DockerComposeFile.java:112)
	at org.springframework.boot.docker.compose.lifecycle.DockerComposeLifecycleManager.getComposeFile(DockerComposeLifecycleManager.java:141)
	at org.springframework.boot.docker.compose.lifecycle.DockerComposeLifecycleManager.start(DockerComposeLifecycleManager.java:108)
	at org.springframework.boot.docker.compose.lifecycle.DockerComposeListener.onApplicationEvent(DockerComposeListener.java:53)
	at org.springframework.boot.docker.compose.lifecycle.DockerComposeListener.onApplicationEvent(DockerComposeListener.java:35)
	at org.springframework.context.event.SimpleApplicationEventMulticaster.doInvokeListener(SimpleApplicationEventMulticaster.java:178)
	at org.springframework.context.event.SimpleApplicationEventMulticaster.invokeListener(SimpleApplicationEventMulticaster.java:171)
	at org.springframework.context.event.SimpleApplicationEventMulticaster.multicastEvent(SimpleApplicationEventMulticaster.java:149)
	at org.springframework.context.event.SimpleApplicationEventMulticaster.multicastEvent(SimpleApplicationEventMulticaster.java:137)
	at org.springframework.boot.context.event.EventPublishingRunListener.multicastInitialEvent(EventPublishingRunListener.java:136)
	at org.springframework.boot.context.event.EventPublishingRunListener.contextLoaded(EventPublishingRunListener.java:98)
	at org.springframework.boot.SpringApplicationRunListeners.lambda$contextLoaded$4(SpringApplicationRunListeners.java:72)
	at java.base/java.lang.Iterable.forEach(Iterable.java:75)
	at org.springframework.boot.SpringApplicationRunListeners.doWithListeners(SpringApplicationRunListeners.java:118)
	at org.springframework.boot.SpringApplicationRunListeners.doWithListeners(SpringApplicationRunListeners.java:112)
	at org.springframework.boot.SpringApplicationRunListeners.contextLoaded(SpringApplicationRunListeners.java:72)
	at org.springframework.boot.SpringApplication.prepareContext(SpringApplication.java:431)
	at org.springframework.boot.SpringApplication.run(SpringApplication.java:322)
	at org.springframework.boot.SpringApplication.run(SpringApplication.java:1342)
	at org.springframework.boot.SpringApplication.run(SpringApplication.java:1331)
	at com.example.Project4Application.main(Project4Application.java:20)
2025-11-24 16:30:53.956 [main] INFO  com.example.Project4Application - Starting Project4Application using Java 17.0.14 with PID 29361 (/home/tilium/Desktop/Aston-2/Project7/user-service/target/classes started by tilium in /home/tilium/Desktop/Aston-2/Project7)
2025-11-24 16:30:53.957 [main] DEBUG com.example.Project4Application - Running with Spring Boot v3.2.0, Spring v6.1.1
2025-11-24 16:30:53.958 [main] INFO  com.example.Project4Application - No active profile set, falling back to 1 default profile: "default"
2025-11-24 16:30:54.053 [main] ERROR o.s.boot.SpringApplication - Application run failed
java.lang.IllegalArgumentException: Docker Compose file 'compose.yaml' does not exist
	at org.springframework.util.Assert.isTrue(Assert.java:129)
	at org.springframework.boot.docker.compose.core.DockerComposeFile.of(DockerComposeFile.java:112)
	at org.springframework.boot.docker.compose.lifecycle.DockerComposeLifecycleManager.getComposeFile(DockerComposeLifecycleManager.java:141)
	at org.springframework.boot.docker.compose.lifecycle.DockerComposeLifecycleManager.start(DockerComposeLifecycleManager.java:108)
	at org.springframework.boot.docker.compose.lifecycle.DockerComposeListener.onApplicationEvent(DockerComposeListener.java:53)
	at org.springframework.boot.docker.compose.lifecycle.DockerComposeListener.onApplicationEvent(DockerComposeListener.java:35)
	at org.springframework.context.event.SimpleApplicationEventMulticaster.doInvokeListener(SimpleApplicationEventMulticaster.java:178)
	at org.springframework.context.event.SimpleApplicationEventMulticaster.invokeListener(SimpleApplicationEventMulticaster.java:171)
	at org.springframework.context.event.SimpleApplicationEventMulticaster.multicastEvent(SimpleApplicationEventMulticaster.java:149)
	at org.springframework.context.event.SimpleApplicationEventMulticaster.multicastEvent(SimpleApplicationEventMulticaster.java:137)
	at org.springframework.boot.context.event.EventPublishingRunListener.multicastInitialEvent(EventPublishingRunListener.java:136)
	at org.springframework.boot.context.event.EventPublishingRunListener.contextLoaded(EventPublishingRunListener.java:98)
	at org.springframework.boot.SpringApplicationRunListeners.lambda$contextLoaded$4(SpringApplicationRunListeners.java:72)
	at java.base/java.lang.Iterable.forEach(Iterable.java:75)
	at org.springframework.boot.SpringApplicationRunListeners.doWithListeners(SpringApplicationRunListeners.java:118)
	at org.springframework.boot.SpringApplicationRunListeners.doWithListeners(SpringApplicationRunListeners.java:112)
	at org.springframework.boot.SpringApplicationRunListeners.contextLoaded(SpringApplicationRunListeners.java:72)
	at org.springframework.boot.SpringApplication.prepareContext(SpringApplication.java:431)
	at org.springframework.boot.SpringApplication.run(SpringApplication.java:322)
	at org.springframework.boot.SpringApplication.run(SpringApplication.java:1342)
	at org.springframework.boot.SpringApplication.run(SpringApplication.java:1331)
	at com.example.Project4Application.main(Project4Application.java:20)
2025-11-24 16:34:15.732 [main] INFO  com.example.Project4Application - Starting Project4Application using Java 17.0.14 with PID 29493 (/home/tilium/Desktop/Aston-2/Project7/user-service/target/classes started by tilium in /home/tilium/Desktop/Aston-2/Project7)
2025-11-24 16:34:15.734 [main] DEBUG com.example.Project4Application - Running with Spring Boot v3.2.0, Spring v6.1.1
2025-11-24 16:34:15.734 [main] INFO  com.example.Project4Application - No active profile set, falling back to 1 default profile: "default"
2025-11-24 16:34:15.773 [main] INFO  o.s.b.d.c.l.DockerComposeLifecycleManager - Using Docker Compose file '/home/tilium/Desktop/Aston-2/Project7/user-service/compose.yaml'
2025-11-24 16:34:16.347 [OutputReader-stderr] INFO  o.s.b.docker.compose.core.DockerCli -  Network user-service_app-network  Creating
2025-11-24 16:34:16.385 [OutputReader-stderr] INFO  o.s.b.docker.compose.core.DockerCli -  Network user-service_app-network  Created
2025-11-24 16:34:16.386 [OutputReader-stderr] INFO  o.s.b.docker.compose.core.DockerCli -  Volume "user-service_postgres_data"  Creating
2025-11-24 16:34:16.388 [OutputReader-stderr] INFO  o.s.b.docker.compose.core.DockerCli -  Volume "user-service_postgres_data"  Created
2025-11-24 16:34:16.388 [OutputReader-stderr] INFO  o.s.b.docker.compose.core.DockerCli -  Container gubenko-postgres  Creating
2025-11-24 16:34:16.389 [OutputReader-stderr] INFO  o.s.b.docker.compose.core.DockerCli -  Container gubenko-zookeeper  Creating
2025-11-24 16:34:16.395 [OutputReader-stderr] INFO  o.s.b.docker.compose.core.DockerCli -  Container gubenko-postgres  Error response from daemon: Conflict. The container name "/gubenko-postgres" is already in use by container "828a4e3d996a6288822f2e45b3659febb45b12f47182025ab89d7c15c34d90e8". You have to remove (or rename) that container to be able to reuse that name.
2025-11-24 16:34:16.395 [OutputReader-stderr] INFO  o.s.b.docker.compose.core.DockerCli - Error response from daemon: Conflict. The container name "/gubenko-postgres" is already in use by container "828a4e3d996a6288822f2e45b3659febb45b12f47182025ab89d7c15c34d90e8". You have to remove (or rename) that container to be able to reuse that name.
2025-11-24 16:34:16.410 [main] ERROR o.s.boot.SpringApplication - Application run failed
org.springframework.boot.docker.compose.core.ProcessExitException: 'docker-compose --file /home/tilium/Desktop/Aston-2/Project7/user-service/compose.yaml --ansi never up --no-color --detach --wait' failed with exit code 1.

Stdout:


Stderr:
 Network user-service_app-network  Creating
 Network user-service_app-network  Created
 Volume "user-service_postgres_data"  Creating
 Volume "user-service_postgres_data"  Created
 Container gubenko-postgres  Creating
 Container gubenko-zookeeper  Creating
 Container gubenko-postgres  Error response from daemon: Conflict. The container name "/gubenko-postgres" is already in use by container "828a4e3d996a6288822f2e45b3659febb45b12f47182025ab89d7c15c34d90e8". You have to remove (or rename) that container to be able to reuse that name.
Error response from daemon: Conflict. The container name "/gubenko-postgres" is already in use by container "828a4e3d996a6288822f2e45b3659febb45b12f47182025ab89d7c15c34d90e8". You have to remove (or rename) that container to be able to reuse that name.

	at org.springframework.boot.docker.compose.core.ProcessRunner.run(ProcessRunner.java:96)
	at org.springframework.boot.docker.compose.core.DockerCli.run(DockerCli.java:80)
	at org.springframework.boot.docker.compose.core.DefaultDockerCompose.up(DefaultDockerCompose.java:51)
	at org.springframework.boot.docker.compose.lifecycle.StartCommand.applyTo(StartCommand.java:51)
	at org.springframework.boot.docker.compose.lifecycle.DockerComposeLifecycleManager.start(DockerComposeLifecycleManager.java:122)
	at org.springframework.boot.docker.compose.lifecycle.DockerComposeListener.onApplicationEvent(DockerComposeListener.java:53)
	at org.springframework.boot.docker.compose.lifecycle.DockerComposeListener.onApplicationEvent(DockerComposeListener.java:35)
	at org.springframework.context.event.SimpleApplicationEventMulticaster.doInvokeListener(SimpleApplicationEventMulticaster.java:178)
	at org.springframework.context.event.SimpleApplicationEventMulticaster.invokeListener(SimpleApplicationEventMulticaster.java:171)
	at org.springframework.context.event.SimpleApplicationEventMulticaster.multicastEvent(SimpleApplicationEventMulticaster.java:149)
	at org.springframework.context.event.SimpleApplicationEventMulticaster.multicastEvent(SimpleApplicationEventMulticaster.java:137)
	at org.springframework.boot.context.event.EventPublishingRunListener.multicastInitialEvent(EventPublishingRunListener.java:136)
	at org.springframework.boot.context.event.EventPublishingRunListener.contextLoaded(EventPublishingRunListener.java:98)
	at org.springframework.boot.SpringApplicationRunListeners.lambda$contextLoaded$4(SpringApplicationRunListeners.java:72)
	at java.base/java.lang.Iterable.forEach(Iterable.java:75)
	at org.springframework.boot.SpringApplicationRunListeners.doWithListeners(SpringApplicationRunListeners.java:118)
	at org.springframework.boot.SpringApplicationRunListeners.doWithListeners(SpringApplicationRunListeners.java:112)
	at org.springframework.boot.SpringApplicationRunListeners.contextLoaded(SpringApplicationRunListeners.java:72)
	at org.springframework.boot.SpringApplication.prepareContext(SpringApplication.java:431)
	at org.springframework.boot.SpringApplication.run(SpringApplication.java:322)
	at org.springframework.boot.SpringApplication.run(SpringApplication.java:1342)
	at org.springframework.boot.SpringApplication.run(SpringApplication.java:1331)
	at com.example.Project4Application.main(Project4Application.java:20)
2025-11-24 16:35:00.205 [main] INFO  com.example.Project4Application - Starting Project4Application using Java 17.0.14 with PID 30164 (/home/tilium/Desktop/Aston-2/Project7/user-service/target/classes started by tilium in /home/tilium/Desktop/Aston-2/Project7)
2025-11-24 16:35:00.206 [main] DEBUG com.example.Project4Application - Running with Spring Boot v3.2.0, Spring v6.1.1
2025-11-24 16:35:00.207 [main] INFO  com.example.Project4Application - No active profile set, falling back to 1 default profile: "default"
2025-11-24 16:35:00.246 [main] INFO  o.s.b.d.c.l.DockerComposeLifecycleManager - Using Docker Compose file '/home/tilium/Desktop/Aston-2/Project7/user-service/compose.yaml'
2025-11-24 16:35:00.788 [OutputReader-stderr] INFO  o.s.b.docker.compose.core.DockerCli -  Container gubenko-zookeeper  Creating
2025-11-24 16:35:00.788 [OutputReader-stderr] INFO  o.s.b.docker.compose.core.DockerCli -  Container gubenko-postgres  Creating
2025-11-24 16:35:00.915 [OutputReader-stderr] INFO  o.s.b.docker.compose.core.DockerCli -  Container gubenko-postgres  Created
2025-11-24 16:35:00.922 [OutputReader-stderr] INFO  o.s.b.docker.compose.core.DockerCli -  Container gubenko-zookeeper  Created
2025-11-24 16:35:00.922 [OutputReader-stderr] INFO  o.s.b.docker.compose.core.DockerCli -  Container gubenko-kafka  Creating
2025-11-24 16:35:00.962 [OutputReader-stderr] INFO  o.s.b.docker.compose.core.DockerCli -  Container gubenko-kafka  Created
2025-11-24 16:35:00.963 [OutputReader-stderr] INFO  o.s.b.docker.compose.core.DockerCli -  Container gubenko-postgres  Starting
2025-11-24 16:35:00.964 [OutputReader-stderr] INFO  o.s.b.docker.compose.core.DockerCli -  Container gubenko-zookeeper  Starting
2025-11-24 16:35:01.104 [OutputReader-stderr] INFO  o.s.b.docker.compose.core.DockerCli -  Container gubenko-zookeeper  Started
2025-11-24 16:35:01.104 [OutputReader-stderr] INFO  o.s.b.docker.compose.core.DockerCli -  Container gubenko-kafka  Starting
2025-11-24 16:35:01.126 [OutputReader-stderr] INFO  o.s.b.docker.compose.core.DockerCli -  Container gubenko-postgres  Started
2025-11-24 16:35:01.565 [OutputReader-stderr] INFO  o.s.b.docker.compose.core.DockerCli -  Container gubenko-kafka  Started
2025-11-24 16:35:01.565 [OutputReader-stderr] INFO  o.s.b.docker.compose.core.DockerCli -  Container gubenko-zookeeper  Waiting
2025-11-24 16:35:01.565 [OutputReader-stderr] INFO  o.s.b.docker.compose.core.DockerCli -  Container gubenko-kafka  Waiting
2025-11-24 16:35:01.565 [OutputReader-stderr] INFO  o.s.b.docker.compose.core.DockerCli -  Container gubenko-postgres  Waiting
2025-11-24 16:35:02.066 [OutputReader-stderr] INFO  o.s.b.docker.compose.core.DockerCli -  Container gubenko-postgres  Healthy
2025-11-24 16:35:02.067 [OutputReader-stderr] INFO  o.s.b.docker.compose.core.DockerCli -  Container gubenko-zookeeper  Healthy
2025-11-24 16:35:13.066 [OutputReader-stderr] INFO  o.s.b.docker.compose.core.DockerCli -  Container gubenko-kafka  Healthy
2025-11-24 16:35:14.528 [main] INFO  o.s.b.w.e.tomcat.TomcatWebServer - Tomcat initialized with port 8080 (http)
2025-11-24 16:35:14.534 [main] INFO  o.a.catalina.core.StandardService - Starting service [Tomcat]
2025-11-24 16:35:14.534 [main] INFO  o.a.catalina.core.StandardEngine - Starting Servlet engine: [Apache Tomcat/10.1.16]
2025-11-24 16:35:14.574 [main] INFO  o.a.c.c.C.[Tomcat].[localhost].[/] - Initializing Spring embedded WebApplicationContext
2025-11-24 16:35:14.575 [main] INFO  o.s.b.w.s.c.ServletWebServerApplicationContext - Root WebApplicationContext: initialization completed in 711 ms
2025-11-24 16:35:15.697 [main] WARN  o.s.b.a.o.j.JpaBaseConfiguration$JpaWebConfiguration - spring.jpa.open-in-view is enabled by default. Therefore, database queries may be performed during view rendering. Explicitly configure spring.jpa.open-in-view to disable this warning
2025-11-24 16:35:16.129 [main] INFO  o.s.b.w.e.tomcat.TomcatWebServer - Tomcat started on port 8080 (http) with context path ''
2025-11-24 16:35:16.252 [main] INFO  com.example.Project4Application - Started Project4Application in 16.331 seconds (process running for 16.536)
2025-11-24 16:35:20.631 [http-nio-8080-exec-1] INFO  o.a.c.c.C.[Tomcat].[localhost].[/] - Initializing Spring DispatcherServlet 'dispatcherServlet'
2025-11-24 16:35:21.020 [http-nio-8080-exec-5] INFO  o.s.api.AbstractOpenApiResource - Init duration for springdoc-openapi is: 199 ms
2025-11-24 16:35:49.412 [http-nio-8080-exec-7] INFO  com.example.service.UserService - DB event: try to getAllUsers
2025-11-24 16:35:49.460 [http-nio-8080-exec-7] INFO  com.example.service.UserService - DB event: success getAllUsers, found 2 users
2025-11-24 16:35:58.285 [http-nio-8080-exec-8] INFO  com.example.service.UserService - DB event: try to createUser Jofefhn66441
2025-11-24 16:35:58.357 [http-nio-8080-exec-8] INFO  com.example.service.UserService - DB event: success createUser Jofefhn66441 with id 3
2025-11-24 16:35:58.389 [kafka-producer-network-thread | producer-1] INFO  com.example.service.KafkaService - ORIGINAL KAFKA Successfully sent CREATE event for user: erg@erggg77er.ru, partition: 0, offset: 0
2025-11-24 16:36:06.456 [http-nio-8080-exec-9] INFO  com.example.service.UserService - DB event: try to deleteUserById 3
2025-11-24 16:36:06.462 [http-nio-8080-exec-9] INFO  com.example.service.UserService - DB event: success deleteUserById 3
2025-11-24 16:36:06.466 [kafka-producer-network-thread | producer-1] INFO  com.example.service.KafkaService - ORIGINAL KAFKA Successfully sent DELETE event for user: erg@erggg77er.ru, partition: 0, offset: 1
2025-11-24 16:36:22.675 [http-nio-8080-exec-2] INFO  com.example.service.UserService - DB event: try to getAllUsers
2025-11-24 16:36:22.678 [http-nio-8080-exec-2] INFO  com.example.service.UserService - DB event: success getAllUsers, found 2 users
2025-11-24 16:36:34.061 [http-nio-8080-exec-3] INFO  com.example.service.UserService - DB event: try to deleteUserById 2
2025-11-24 16:36:34.063 [http-nio-8080-exec-3] INFO  com.example.service.UserService - DB event: success deleteUserById 2
2025-11-24 16:36:34.065 [kafka-producer-network-thread | producer-1] INFO  com.example.service.KafkaService - ORIGINAL KAFKA Successfully sent DELETE event for user: mail2@example.com, partition: 0, offset: 2
2025-11-24 16:42:37.113 [main] INFO  com.example.Project4Application - Starting Project4Application using Java 17.0.14 with PID 33718 (/home/tilium/Desktop/Aston-2/Project7/user-service/target/classes started by tilium in /home/tilium/Desktop/Aston-2/Project7)
2025-11-24 16:42:37.115 [main] DEBUG com.example.Project4Application - Running with Spring Boot v3.2.0, Spring v6.1.1
2025-11-24 16:42:37.116 [main] INFO  com.example.Project4Application - No active profile set, falling back to 1 default profile: "default"
2025-11-24 16:42:37.154 [main] INFO  o.s.b.d.c.l.DockerComposeLifecycleManager - Using Docker Compose file '/home/tilium/Desktop/Aston-2/Project7/user-service/compose.yaml'
2025-11-24 16:42:38.592 [main] INFO  o.s.b.w.e.tomcat.TomcatWebServer - Tomcat initialized with port 8080 (http)
2025-11-24 16:42:38.598 [main] INFO  o.a.catalina.core.StandardService - Starting service [Tomcat]
2025-11-24 16:42:38.598 [main] INFO  o.a.catalina.core.StandardEngine - Starting Servlet engine: [Apache Tomcat/10.1.16]
2025-11-24 16:42:38.639 [main] INFO  o.a.c.c.C.[Tomcat].[localhost].[/] - Initializing Spring embedded WebApplicationContext
2025-11-24 16:42:38.640 [main] INFO  o.s.b.w.s.c.ServletWebServerApplicationContext - Root WebApplicationContext: initialization completed in 779 ms
2025-11-24 16:42:39.977 [main] ERROR com.zaxxer.hikari.pool.HikariPool - HikariPool-1 - Exception during pool initialization.
org.postgresql.util.PSQLException: Connection to localhost:5433 refused. Check that the hostname and port are correct and that the postmaster is accepting TCP/IP connections.
	at org.postgresql.core.v3.ConnectionFactoryImpl.openConnectionImpl(ConnectionFactoryImpl.java:342)
	at org.postgresql.core.ConnectionFactory.openConnection(ConnectionFactory.java:54)
	at org.postgresql.jdbc.PgConnection.<init>(PgConnection.java:263)
	at org.postgresql.Driver.makeConnection(Driver.java:443)
	at org.postgresql.Driver.connect(Driver.java:297)
	at com.zaxxer.hikari.util.DriverDataSource.getConnection(DriverDataSource.java:138)
	at com.zaxxer.hikari.pool.PoolBase.newConnection(PoolBase.java:359)
	at com.zaxxer.hikari.pool.PoolBase.newPoolEntry(PoolBase.java:201)
	at com.zaxxer.hikari.pool.HikariPool.createPoolEntry(HikariPool.java:470)
	at com.zaxxer.hikari.pool.HikariPool.checkFailFast(HikariPool.java:561)
	at com.zaxxer.hikari.pool.HikariPool.<init>(HikariPool.java:100)
	at com.zaxxer.hikari.HikariDataSource.getConnection(HikariDataSource.java:112)
	at org.hibernate.engine.jdbc.connections.internal.DatasourceConnectionProviderImpl.getConnection(DatasourceConnectionProviderImpl.java:122)
	at org.hibernate.engine.jdbc.env.internal.JdbcEnvironmentInitiator$ConnectionProviderJdbcConnectionAccess.obtainConnection(JdbcEnvironmentInitiator.java:424)
	at org.hibernate.resource.transaction.backend.jdbc.internal.JdbcIsolationDelegate.delegateWork(JdbcIsolationDelegate.java:61)
	at org.hibernate.engine.jdbc.env.internal.JdbcEnvironmentInitiator.getJdbcEnvironmentUsingJdbcMetadata(JdbcEnvironmentInitiator.java:273)
	at org.hibernate.engine.jdbc.env.internal.JdbcEnvironmentInitiator.initiateService(JdbcEnvironmentInitiator.java:105)
	at org.hibernate.engine.jdbc.env.internal.JdbcEnvironmentInitiator.initiateService(JdbcEnvironmentInitiator.java:66)
	at org.hibernate.boot.registry.internal.StandardServiceRegistryImpl.initiateService(StandardServiceRegistryImpl.java:129)
	at org.hibernate.service.internal.AbstractServiceRegistryImpl.createService(AbstractServiceRegistryImpl.java:263)
	at org.hibernate.service.internal.AbstractServiceRegistryImpl.initializeService(AbstractServiceRegistryImpl.java:238)
	at org.hibernate.service.internal.AbstractServiceRegistryImpl.getService(AbstractServiceRegistryImpl.java:215)
	at org.hibernate.boot.model.relational.Database.<init>(Database.java:45)
	at org.hibernate.boot.internal.InFlightMetadataCollectorImpl.getDatabase(InFlightMetadataCollectorImpl.java:223)
	at org.hibernate.boot.internal.InFlightMetadataCollectorImpl.<init>(InFlightMetadataCollectorImpl.java:191)
	at org.hibernate.boot.model.process.spi.MetadataBuildingProcess.complete(MetadataBuildingProcess.java:169)
	at org.hibernate.jpa.boot.internal.EntityManagerFactoryBuilderImpl.metadata(EntityManagerFactoryBuilderImpl.java:1432)
	at org.hibernate.jpa.boot.internal.EntityManagerFactoryBuilderImpl.build(EntityManagerFactoryBuilderImpl.java:1503)
	at org.springframework.orm.jpa.vendor.SpringHibernateJpaPersistenceProvider.createContainerEntityManagerFactory(SpringHibernateJpaPersistenceProvider.java:75)
	at org.springframework.orm.jpa.LocalContainerEntityManagerFactoryBean.createNativeEntityManagerFactory(LocalContainerEntityManagerFactoryBean.java:376)
	at org.springframework.orm.jpa.AbstractEntityManagerFactoryBean.buildNativeEntityManagerFactory(AbstractEntityManagerFactoryBean.java:409)
	at org.springframework.orm.jpa.AbstractEntityManagerFactoryBean.afterPropertiesSet(AbstractEntityManagerFactoryBean.java:396)
	at org.springframework.orm.jpa.LocalContainerEntityManagerFactoryBean.afterPropertiesSet(LocalContainerEntityManagerFactoryBean.java:352)
	at org.springframework.beans.factory.support.AbstractAutowireCapableBeanFactory.invokeInitMethods(AbstractAutowireCapableBeanFactory.java:1822)
	at org.springframework.beans.factory.support.AbstractAutowireCapableBeanFactory.initializeBean(AbstractAutowireCapableBeanFactory.java:1771)
	at org.springframework.beans.factory.support.AbstractAutowireCapableBeanFactory.doCreateBean(AbstractAutowireCapableBeanFactory.java:601)
	at org.springframework.beans.factory.support.AbstractAutowireCapableBeanFactory.createBean(AbstractAutowireCapableBeanFactory.java:523)
	at org.springframework.beans.factory.support.AbstractBeanFactory.lambda$doGetBean$0(AbstractBeanFactory.java:325)
	at org.springframework.beans.factory.support.DefaultSingletonBeanRegistry.getSingleton(DefaultSingletonBeanRegistry.java:234)
	at org.springframework.beans.factory.support.AbstractBeanFactory.doGetBean(AbstractBeanFactory.java:323)
	at org.springframework.beans.factory.support.AbstractBeanFactory.getBean(AbstractBeanFactory.java:199)
	at org.springframework.context.support.AbstractApplicationContext.getBean(AbstractApplicationContext.java:1173)
	at org.springframework.context.support.AbstractApplicationContext.finishBeanFactoryInitialization(AbstractApplicationContext.java:936)
	at org.springframework.context.support.AbstractApplicationContext.refresh(AbstractApplicationContext.java:616)
	at org.springframework.boot.web.servlet.context.ServletWebServerApplicationContext.refresh(ServletWebServerApplicationContext.java:146)
	at org.springframework.boot.SpringApplication.refresh(SpringApplication.java:753)
	at org.springframework.boot.SpringApplication.refreshContext(SpringApplication.java:455)
	at org.springframework.boot.SpringApplication.run(SpringApplication.java:323)
	at org.springframework.boot.SpringApplication.run(SpringApplication.java:1342)
	at org.springframework.boot.SpringApplication.run(SpringApplication.java:1331)
	at com.example.Project4Application.main(Project4Application.java:20)
Caused by: java.net.ConnectException: Connection refused
	at java.base/sun.nio.ch.Net.pollConnect(Native Method)
	at java.base/sun.nio.ch.Net.pollConnectNow(Net.java:672)
	at java.base/sun.nio.ch.NioSocketImpl.timedFinishConnect(NioSocketImpl.java:547)
	at java.base/sun.nio.ch.NioSocketImpl.connect(NioSocketImpl.java:602)
	at java.base/java.net.SocksSocketImpl.connect(SocksSocketImpl.java:327)
	at java.base/java.net.Socket.connect(Socket.java:633)
	at org.postgresql.core.PGStream.createSocket(PGStream.java:243)
	at org.postgresql.core.PGStream.<init>(PGStream.java:98)
	at org.postgresql.core.v3.ConnectionFactoryImpl.tryConnect(ConnectionFactoryImpl.java:132)
	at org.postgresql.core.v3.ConnectionFactoryImpl.openConnectionImpl(ConnectionFactoryImpl.java:258)
	... 50 common frames omitted
2025-11-24 16:42:41.346 [main] ERROR com.zaxxer.hikari.pool.HikariPool - HikariPool-1 - Exception during pool initialization.
org.postgresql.util.PSQLException: Connection to localhost:5433 refused. Check that the hostname and port are correct and that the postmaster is accepting TCP/IP connections.
	at org.postgresql.core.v3.ConnectionFactoryImpl.openConnectionImpl(ConnectionFactoryImpl.java:342)
	at org.postgresql.core.ConnectionFactory.openConnection(ConnectionFactory.java:54)
	at org.postgresql.jdbc.PgConnection.<init>(PgConnection.java:263)
	at org.postgresql.Driver.makeConnection(Driver.java:443)
	at org.postgresql.Driver.connect(Driver.java:297)
	at com.zaxxer.hikari.util.DriverDataSource.getConnection(DriverDataSource.java:138)
	at com.zaxxer.hikari.pool.PoolBase.newConnection(PoolBase.java:359)
	at com.zaxxer.hikari.pool.PoolBase.newPoolEntry(PoolBase.java:201)
	at com.zaxxer.hikari.pool.HikariPool.createPoolEntry(HikariPool.java:470)
	at com.zaxxer.hikari.pool.HikariPool.checkFailFast(HikariPool.java:561)
	at com.zaxxer.hikari.pool.HikariPool.<init>(HikariPool.java:100)
	at com.zaxxer.hikari.HikariDataSource.getConnection(HikariDataSource.java:112)
	at org.hibernate.engine.jdbc.connections.internal.DatasourceConnectionProviderImpl.getConnection(DatasourceConnectionProviderImpl.java:122)
	at org.hibernate.engine.jdbc.env.internal.JdbcEnvironmentInitiator$ConnectionProviderJdbcConnectionAccess.obtainConnection(JdbcEnvironmentInitiator.java:424)
	at org.hibernate.resource.transaction.backend.jdbc.internal.DdlTransactionIsolatorNonJtaImpl.getIsolatedConnection(DdlTransactionIsolatorNonJtaImpl.java:46)
	at org.hibernate.tool.schema.internal.exec.GenerationTargetToDatabase.getIsolatedConnection(GenerationTargetToDatabase.java:60)
	at org.hibernate.tool.schema.internal.exec.GenerationTargetToDatabase.jdbcStatement(GenerationTargetToDatabase.java:112)
	at org.hibernate.tool.schema.internal.exec.GenerationTargetToDatabase.accept(GenerationTargetToDatabase.java:79)
	at org.hibernate.tool.schema.internal.Helper.applySqlString(Helper.java:233)
	at org.hibernate.tool.schema.internal.Helper.applySqlStrings(Helper.java:217)
	at org.hibernate.tool.schema.internal.SchemaDropperImpl.dropTables(SchemaDropperImpl.java:377)
	at org.hibernate.tool.schema.internal.SchemaDropperImpl.dropConstraintsTablesSequences(SchemaDropperImpl.java:253)
	at org.hibernate.tool.schema.internal.SchemaDropperImpl.dropFromMetadata(SchemaDropperImpl.java:215)
	at org.hibernate.tool.schema.internal.SchemaDropperImpl.performDrop(SchemaDropperImpl.java:185)
	at org.hibernate.tool.schema.internal.SchemaDropperImpl.doDrop(SchemaDropperImpl.java:155)
	at org.hibernate.tool.schema.internal.SchemaDropperImpl.doDrop(SchemaDropperImpl.java:115)
	at org.hibernate.tool.schema.spi.SchemaManagementToolCoordinator.performDatabaseAction(SchemaManagementToolCoordinator.java:244)
	at org.hibernate.tool.schema.spi.SchemaManagementToolCoordinator.lambda$process$5(SchemaManagementToolCoordinator.java:145)
	at java.base/java.util.HashMap.forEach(HashMap.java:1421)
	at org.hibernate.tool.schema.spi.SchemaManagementToolCoordinator.process(SchemaManagementToolCoordinator.java:142)
	at org.hibernate.boot.internal.SessionFactoryObserverForSchemaExport.sessionFactoryCreated(SessionFactoryObserverForSchemaExport.java:37)
	at org.hibernate.internal.SessionFactoryObserverChain.sessionFactoryCreated(SessionFactoryObserverChain.java:35)
	at org.hibernate.internal.SessionFactoryImpl.<init>(SessionFactoryImpl.java:295)
	at org.hibernate.boot.internal.SessionFactoryBuilderImpl.build(SessionFactoryBuilderImpl.java:450)
	at org.hibernate.jpa.boot.internal.EntityManagerFactoryBuilderImpl.build(EntityManagerFactoryBuilderImpl.java:1507)
	at org.springframework.orm.jpa.vendor.SpringHibernateJpaPersistenceProvider.createContainerEntityManagerFactory(SpringHibernateJpaPersistenceProvider.java:75)
	at org.springframework.orm.jpa.LocalContainerEntityManagerFactoryBean.createNativeEntityManagerFactory(LocalContainerEntityManagerFactoryBean.java:376)
	at org.springframework.orm.jpa.AbstractEntityManagerFactoryBean.buildNativeEntityManagerFactory(AbstractEntityManagerFactoryBean.java:409)
	at org.springframework.orm.jpa.AbstractEntityManagerFactoryBean.afterPropertiesSet(AbstractEntityManagerFactoryBean.java:396)
	at org.springframework.orm.jpa.LocalContainerEntityManagerFactoryBean.afterPropertiesSet(LocalContainerEntityManagerFactoryBean.java:352)
	at org.springframework.beans.factory.support.AbstractAutowireCapableBeanFactory.invokeInitMethods(AbstractAutowireCapableBeanFactory.java:1822)
	at org.springframework.beans.factory.support.AbstractAutowireCapableBeanFactory.initializeBean(AbstractAutowireCapableBeanFactory.java:1771)
	at org.springframework.beans.factory.support.AbstractAutowireCapableBeanFactory.doCreateBean(AbstractAutowireCapableBeanFactory.java:601)
	at org.springframework.beans.factory.support.AbstractAutowireCapableBeanFactory.createBean(AbstractAutowireCapableBeanFactory.java:523)
	at org.springframework.beans.factory.support.AbstractBeanFactory.lambda$doGetBean$0(AbstractBeanFactory.java:325)
	at org.springframework.beans.factory.support.DefaultSingletonBeanRegistry.getSingleton(DefaultSingletonBeanRegistry.java:234)
	at org.springframework.beans.factory.support.AbstractBeanFactory.doGetBean(AbstractBeanFactory.java:323)
	at org.springframework.beans.factory.support.AbstractBeanFactory.getBean(AbstractBeanFactory.java:199)
	at org.springframework.context.support.AbstractApplicationContext.getBean(AbstractApplicationContext.java:1173)
	at org.springframework.context.support.AbstractApplicationContext.finishBeanFactoryInitialization(AbstractApplicationContext.java:936)
	at org.springframework.context.support.AbstractApplicationContext.refresh(AbstractApplicationContext.java:616)
	at org.springframework.boot.web.servlet.context.ServletWebServerApplicationContext.refresh(ServletWebServerApplicationContext.java:146)
	at org.springframework.boot.SpringApplication.refresh(SpringApplication.java:753)
	at org.springframework.boot.SpringApplication.refreshContext(SpringApplication.java:455)
	at org.springframework.boot.SpringApplication.run(SpringApplication.java:323)
	at org.springframework.boot.SpringApplication.run(SpringApplication.java:1342)
	at org.springframework.boot.SpringApplication.run(SpringApplication.java:1331)
	at com.example.Project4Application.main(Project4Application.java:20)
Caused by: java.net.ConnectException: Connection refused
	at java.base/sun.nio.ch.Net.pollConnect(Native Method)
	at java.base/sun.nio.ch.Net.pollConnectNow(Net.java:672)
	at java.base/sun.nio.ch.NioSocketImpl.timedFinishConnect(NioSocketImpl.java:547)
	at java.base/sun.nio.ch.NioSocketImpl.connect(NioSocketImpl.java:602)
	at java.base/java.net.SocksSocketImpl.connect(SocksSocketImpl.java:327)
	at java.base/java.net.Socket.connect(Socket.java:633)
	at org.postgresql.core.PGStream.createSocket(PGStream.java:243)
	at org.postgresql.core.PGStream.<init>(PGStream.java:98)
	at org.postgresql.core.v3.ConnectionFactoryImpl.tryConnect(ConnectionFactoryImpl.java:132)
	at org.postgresql.core.v3.ConnectionFactoryImpl.openConnectionImpl(ConnectionFactoryImpl.java:258)
	... 57 common frames omitted
2025-11-24 16:42:41.348 [main] ERROR o.h.e.jdbc.spi.SqlExceptionHelper - Connection to localhost:5433 refused. Check that the hostname and port are correct and that the postmaster is accepting TCP/IP connections.
2025-11-24 16:42:41.351 [main] ERROR o.s.o.j.LocalContainerEntityManagerFactoryBean - Failed to initialize JPA EntityManagerFactory: [PersistenceUnit: default] Unable to build Hibernate SessionFactory; nested exception is org.hibernate.exception.JDBCConnectionException: Unable to open JDBC Connection for DDL execution [Connection to localhost:5433 refused. Check that the hostname and port are correct and that the postmaster is accepting TCP/IP connections.] [n/a]
2025-11-24 16:42:41.351 [main] WARN  o.s.b.w.s.c.AnnotationConfigServletWebServerApplicationContext - Exception encountered during context initialization - cancelling refresh attempt: org.springframework.beans.factory.BeanCreationException: Error creating bean with name 'entityManagerFactory' defined in class path resource [org/springframework/boot/autoconfigure/orm/jpa/HibernateJpaConfiguration.class]: [PersistenceUnit: default] Unable to build Hibernate SessionFactory; nested exception is org.hibernate.exception.JDBCConnectionException: Unable to open JDBC Connection for DDL execution [Connection to localhost:5433 refused. Check that the hostname and port are correct and that the postmaster is accepting TCP/IP connections.] [n/a]
2025-11-24 16:42:41.352 [main] INFO  o.a.catalina.core.StandardService - Stopping service [Tomcat]
2025-11-24 16:42:41.360 [main] INFO  o.s.b.a.l.ConditionEvaluationReportLogger - 

Error starting ApplicationContext. To display the condition evaluation report re-run your application with 'debug' enabled.
2025-11-24 16:42:41.366 [main] ERROR o.s.boot.SpringApplication - Application run failed
org.springframework.beans.factory.BeanCreationException: Error creating bean with name 'entityManagerFactory' defined in class path resource [org/springframework/boot/autoconfigure/orm/jpa/HibernateJpaConfiguration.class]: [PersistenceUnit: default] Unable to build Hibernate SessionFactory; nested exception is org.hibernate.exception.JDBCConnectionException: Unable to open JDBC Connection for DDL execution [Connection to localhost:5433 refused. Check that the hostname and port are correct and that the postmaster is accepting TCP/IP connections.] [n/a]
	at org.springframework.beans.factory.support.AbstractAutowireCapableBeanFactory.initializeBean(AbstractAutowireCapableBeanFactory.java:1775)
	at org.springframework.beans.factory.support.AbstractAutowireCapableBeanFactory.doCreateBean(AbstractAutowireCapableBeanFactory.java:601)
	at org.springframework.beans.factory.support.AbstractAutowireCapableBeanFactory.createBean(AbstractAutowireCapableBeanFactory.java:523)
	at org.springframework.beans.factory.support.AbstractBeanFactory.lambda$doGetBean$0(AbstractBeanFactory.java:325)
	at org.springframework.beans.factory.support.DefaultSingletonBeanRegistry.getSingleton(DefaultSingletonBeanRegistry.java:234)
	at org.springframework.beans.factory.support.AbstractBeanFactory.doGetBean(AbstractBeanFactory.java:323)
	at org.springframework.beans.factory.support.AbstractBeanFactory.getBean(AbstractBeanFactory.java:199)
	at org.springframework.context.support.AbstractApplicationContext.getBean(AbstractApplicationContext.java:1173)
	at org.springframework.context.support.AbstractApplicationContext.finishBeanFactoryInitialization(AbstractApplicationContext.java:936)
	at org.springframework.context.support.AbstractApplicationContext.refresh(AbstractApplicationContext.java:616)
	at org.springframework.boot.web.servlet.context.ServletWebServerApplicationContext.refresh(ServletWebServerApplicationContext.java:146)
	at org.springframework.boot.SpringApplication.refresh(SpringApplication.java:753)
	at org.springframework.boot.SpringApplication.refreshContext(SpringApplication.java:455)
	at org.springframework.boot.SpringApplication.run(SpringApplication.java:323)
	at org.springframework.boot.SpringApplication.run(SpringApplication.java:1342)
	at org.springframework.boot.SpringApplication.run(SpringApplication.java:1331)
	at com.example.Project4Application.main(Project4Application.java:20)
Caused by: jakarta.persistence.PersistenceException: [PersistenceUnit: default] Unable to build Hibernate SessionFactory; nested exception is org.hibernate.exception.JDBCConnectionException: Unable to open JDBC Connection for DDL execution [Connection to localhost:5433 refused. Check that the hostname and port are correct and that the postmaster is accepting TCP/IP connections.] [n/a]
	at org.springframework.orm.jpa.AbstractEntityManagerFactoryBean.buildNativeEntityManagerFactory(AbstractEntityManagerFactoryBean.java:421)
	at org.springframework.orm.jpa.AbstractEntityManagerFactoryBean.afterPropertiesSet(AbstractEntityManagerFactoryBean.java:396)
	at org.springframework.orm.jpa.LocalContainerEntityManagerFactoryBean.afterPropertiesSet(LocalContainerEntityManagerFactoryBean.java:352)
	at org.springframework.beans.factory.support.AbstractAutowireCapableBeanFactory.invokeInitMethods(AbstractAutowireCapableBeanFactory.java:1822)
	at org.springframework.beans.factory.support.AbstractAutowireCapableBeanFactory.initializeBean(AbstractAutowireCapableBeanFactory.java:1771)
	... 16 common frames omitted
Caused by: org.hibernate.exception.JDBCConnectionException: Unable to open JDBC Connection for DDL execution [Connection to localhost:5433 refused. Check that the hostname and port are correct and that the postmaster is accepting TCP/IP connections.] [n/a]
	at org.hibernate.exception.internal.SQLStateConversionDelegate.convert(SQLStateConversionDelegate.java:100)
	at org.hibernate.exception.internal.StandardSQLExceptionConverter.convert(StandardSQLExceptionConverter.java:58)
	at org.hibernate.engine.jdbc.spi.SqlExceptionHelper.convert(SqlExceptionHelper.java:108)
	at org.hibernate.engine.jdbc.spi.SqlExceptionHelper.convert(SqlExceptionHelper.java:94)
	at org.hibernate.resource.transaction.backend.jdbc.internal.DdlTransactionIsolatorNonJtaImpl.getIsolatedConnection(DdlTransactionIsolatorNonJtaImpl.java:74)
	at org.hibernate.tool.schema.internal.exec.GenerationTargetToDatabase.getIsolatedConnection(GenerationTargetToDatabase.java:60)
	at org.hibernate.tool.schema.internal.exec.GenerationTargetToDatabase.jdbcStatement(GenerationTargetToDatabase.java:112)
	at org.hibernate.tool.schema.internal.exec.GenerationTargetToDatabase.accept(GenerationTargetToDatabase.java:79)
	at org.hibernate.tool.schema.internal.Helper.applySqlString(Helper.java:233)
	at org.hibernate.tool.schema.internal.Helper.applySqlStrings(Helper.java:217)
	at org.hibernate.tool.schema.internal.SchemaDropperImpl.dropTables(SchemaDropperImpl.java:377)
	at org.hibernate.tool.schema.internal.SchemaDropperImpl.dropConstraintsTablesSequences(SchemaDropperImpl.java:253)
	at org.hibernate.tool.schema.internal.SchemaDropperImpl.dropFromMetadata(SchemaDropperImpl.java:215)
	at org.hibernate.tool.schema.internal.SchemaDropperImpl.performDrop(SchemaDropperImpl.java:185)
	at org.hibernate.tool.schema.internal.SchemaDropperImpl.doDrop(SchemaDropperImpl.java:155)
	at org.hibernate.tool.schema.internal.SchemaDropperImpl.doDrop(SchemaDropperImpl.java:115)
	at org.hibernate.tool.schema.spi.SchemaManagementToolCoordinator.performDatabaseAction(SchemaManagementToolCoordinator.java:244)
	at org.hibernate.tool.schema.spi.SchemaManagementToolCoordinator.lambda$process$5(SchemaManagementToolCoordinator.java:145)
	at java.base/java.util.HashMap.forEach(HashMap.java:1421)
	at org.hibernate.tool.schema.spi.SchemaManagementToolCoordinator.process(SchemaManagementToolCoordinator.java:142)
	at org.hibernate.boot.internal.SessionFactoryObserverForSchemaExport.sessionFactoryCreated(SessionFactoryObserverForSchemaExport.java:37)
	at org.hibernate.internal.SessionFactoryObserverChain.sessionFactoryCreated(SessionFactoryObserverChain.java:35)
	at org.hibernate.internal.SessionFactoryImpl.<init>(SessionFactoryImpl.java:295)
	at org.hibernate.boot.internal.SessionFactoryBuilderImpl.build(SessionFactoryBuilderImpl.java:450)
	at org.hibernate.jpa.boot.internal.EntityManagerFactoryBuilderImpl.build(EntityManagerFactoryBuilderImpl.java:1507)
	at org.springframework.orm.jpa.vendor.SpringHibernateJpaPersistenceProvider.createContainerEntityManagerFactory(SpringHibernateJpaPersistenceProvider.java:75)
	at org.springframework.orm.jpa.LocalContainerEntityManagerFactoryBean.createNativeEntityManagerFactory(LocalContainerEntityManagerFactoryBean.java:376)
	at org.springframework.orm.jpa.AbstractEntityManagerFactoryBean.buildNativeEntityManagerFactory(AbstractEntityManagerFactoryBean.java:409)
	... 20 common frames omitted
Caused by: org.postgresql.util.PSQLException: Connection to localhost:5433 refused. Check that the hostname and port are correct and that the postmaster is accepting TCP/IP connections.
	at org.postgresql.core.v3.ConnectionFactoryImpl.openConnectionImpl(ConnectionFactoryImpl.java:342)
	at org.postgresql.core.ConnectionFactory.openConnection(ConnectionFactory.java:54)
	at org.postgresql.jdbc.PgConnection.<init>(PgConnection.java:263)
	at org.postgresql.Driver.makeConnection(Driver.java:443)
	at org.postgresql.Driver.connect(Driver.java:297)
	at com.zaxxer.hikari.util.DriverDataSource.getConnection(DriverDataSource.java:138)
	at com.zaxxer.hikari.pool.PoolBase.newConnection(PoolBase.java:359)
	at com.zaxxer.hikari.pool.PoolBase.newPoolEntry(PoolBase.java:201)
	at com.zaxxer.hikari.pool.HikariPool.createPoolEntry(HikariPool.java:470)
	at com.zaxxer.hikari.pool.HikariPool.checkFailFast(HikariPool.java:561)
	at com.zaxxer.hikari.pool.HikariPool.<init>(HikariPool.java:100)
	at com.zaxxer.hikari.HikariDataSource.getConnection(HikariDataSource.java:112)
	at org.hibernate.engine.jdbc.connections.internal.DatasourceConnectionProviderImpl.getConnection(DatasourceConnectionProviderImpl.java:122)
	at org.hibernate.engine.jdbc.env.internal.JdbcEnvironmentInitiator$ConnectionProviderJdbcConnectionAccess.obtainConnection(JdbcEnvironmentInitiator.java:424)
	at org.hibernate.resource.transaction.backend.jdbc.internal.DdlTransactionIsolatorNonJtaImpl.getIsolatedConnection(DdlTransactionIsolatorNonJtaImpl.java:46)
	... 43 common frames omitted
Caused by: java.net.ConnectException: Connection refused
	at java.base/sun.nio.ch.Net.pollConnect(Native Method)
	at java.base/sun.nio.ch.Net.pollConnectNow(Net.java:672)
	at java.base/sun.nio.ch.NioSocketImpl.timedFinishConnect(NioSocketImpl.java:547)
	at java.base/sun.nio.ch.NioSocketImpl.connect(NioSocketImpl.java:602)
	at java.base/java.net.SocksSocketImpl.connect(SocksSocketImpl.java:327)
	at java.base/java.net.Socket.connect(Socket.java:633)
	at org.postgresql.core.PGStream.createSocket(PGStream.java:243)
	at org.postgresql.core.PGStream.<init>(PGStream.java:98)
	at org.postgresql.core.v3.ConnectionFactoryImpl.tryConnect(ConnectionFactoryImpl.java:132)
	at org.postgresql.core.v3.ConnectionFactoryImpl.openConnectionImpl(ConnectionFactoryImpl.java:258)
	... 57 common frames omitted
2025-11-24 16:43:29.862 [main] INFO  com.example.Project4Application - Starting Project4Application using Java 17.0.14 with PID 34174 (/home/tilium/Desktop/Aston-2/Project7/user-service/target/classes started by tilium in /home/tilium/Desktop/Aston-2/Project7)
2025-11-24 16:43:29.863 [main] DEBUG com.example.Project4Application - Running with Spring Boot v3.2.0, Spring v6.1.1
2025-11-24 16:43:29.863 [main] INFO  com.example.Project4Application - No active profile set, falling back to 1 default profile: "default"
2025-11-24 16:43:29.899 [main] INFO  o.s.b.d.c.l.DockerComposeLifecycleManager - Using Docker Compose file '/home/tilium/Desktop/Aston-2/Project7/user-service/compose.yaml'
2025-11-24 16:43:31.274 [main] INFO  o.s.b.w.e.tomcat.TomcatWebServer - Tomcat initialized with port 8080 (http)
2025-11-24 16:43:31.280 [main] INFO  o.a.catalina.core.StandardService - Starting service [Tomcat]
2025-11-24 16:43:31.281 [main] INFO  o.a.catalina.core.StandardEngine - Starting Servlet engine: [Apache Tomcat/10.1.16]
2025-11-24 16:43:31.330 [main] INFO  o.a.c.c.C.[Tomcat].[localhost].[/] - Initializing Spring embedded WebApplicationContext
2025-11-24 16:43:31.331 [main] INFO  o.s.b.w.s.c.ServletWebServerApplicationContext - Root WebApplicationContext: initialization completed in 770 ms
2025-11-24 16:43:32.665 [main] ERROR com.zaxxer.hikari.pool.HikariPool - HikariPool-1 - Exception during pool initialization.
org.postgresql.util.PSQLException: Connection to localhost:5433 refused. Check that the hostname and port are correct and that the postmaster is accepting TCP/IP connections.
	at org.postgresql.core.v3.ConnectionFactoryImpl.openConnectionImpl(ConnectionFactoryImpl.java:342)
	at org.postgresql.core.ConnectionFactory.openConnection(ConnectionFactory.java:54)
	at org.postgresql.jdbc.PgConnection.<init>(PgConnection.java:263)
	at org.postgresql.Driver.makeConnection(Driver.java:443)
	at org.postgresql.Driver.connect(Driver.java:297)
	at com.zaxxer.hikari.util.DriverDataSource.getConnection(DriverDataSource.java:138)
	at com.zaxxer.hikari.pool.PoolBase.newConnection(PoolBase.java:359)
	at com.zaxxer.hikari.pool.PoolBase.newPoolEntry(PoolBase.java:201)
	at com.zaxxer.hikari.pool.HikariPool.createPoolEntry(HikariPool.java:470)
	at com.zaxxer.hikari.pool.HikariPool.checkFailFast(HikariPool.java:561)
	at com.zaxxer.hikari.pool.HikariPool.<init>(HikariPool.java:100)
	at com.zaxxer.hikari.HikariDataSource.getConnection(HikariDataSource.java:112)
	at org.hibernate.engine.jdbc.connections.internal.DatasourceConnectionProviderImpl.getConnection(DatasourceConnectionProviderImpl.java:122)
	at org.hibernate.engine.jdbc.env.internal.JdbcEnvironmentInitiator$ConnectionProviderJdbcConnectionAccess.obtainConnection(JdbcEnvironmentInitiator.java:424)
	at org.hibernate.resource.transaction.backend.jdbc.internal.JdbcIsolationDelegate.delegateWork(JdbcIsolationDelegate.java:61)
	at org.hibernate.engine.jdbc.env.internal.JdbcEnvironmentInitiator.getJdbcEnvironmentUsingJdbcMetadata(JdbcEnvironmentInitiator.java:273)
	at org.hibernate.engine.jdbc.env.internal.JdbcEnvironmentInitiator.initiateService(JdbcEnvironmentInitiator.java:105)
	at org.hibernate.engine.jdbc.env.internal.JdbcEnvironmentInitiator.initiateService(JdbcEnvironmentInitiator.java:66)
	at org.hibernate.boot.registry.internal.StandardServiceRegistryImpl.initiateService(StandardServiceRegistryImpl.java:129)
	at org.hibernate.service.internal.AbstractServiceRegistryImpl.createService(AbstractServiceRegistryImpl.java:263)
	at org.hibernate.service.internal.AbstractServiceRegistryImpl.initializeService(AbstractServiceRegistryImpl.java:238)
	at org.hibernate.service.internal.AbstractServiceRegistryImpl.getService(AbstractServiceRegistryImpl.java:215)
	at org.hibernate.boot.model.relational.Database.<init>(Database.java:45)
	at org.hibernate.boot.internal.InFlightMetadataCollectorImpl.getDatabase(InFlightMetadataCollectorImpl.java:223)
	at org.hibernate.boot.internal.InFlightMetadataCollectorImpl.<init>(InFlightMetadataCollectorImpl.java:191)
	at org.hibernate.boot.model.process.spi.MetadataBuildingProcess.complete(MetadataBuildingProcess.java:169)
	at org.hibernate.jpa.boot.internal.EntityManagerFactoryBuilderImpl.metadata(EntityManagerFactoryBuilderImpl.java:1432)
	at org.hibernate.jpa.boot.internal.EntityManagerFactoryBuilderImpl.build(EntityManagerFactoryBuilderImpl.java:1503)
	at org.springframework.orm.jpa.vendor.SpringHibernateJpaPersistenceProvider.createContainerEntityManagerFactory(SpringHibernateJpaPersistenceProvider.java:75)
	at org.springframework.orm.jpa.LocalContainerEntityManagerFactoryBean.createNativeEntityManagerFactory(LocalContainerEntityManagerFactoryBean.java:376)
	at org.springframework.orm.jpa.AbstractEntityManagerFactoryBean.buildNativeEntityManagerFactory(AbstractEntityManagerFactoryBean.java:409)
	at org.springframework.orm.jpa.AbstractEntityManagerFactoryBean.afterPropertiesSet(AbstractEntityManagerFactoryBean.java:396)
	at org.springframework.orm.jpa.LocalContainerEntityManagerFactoryBean.afterPropertiesSet(LocalContainerEntityManagerFactoryBean.java:352)
	at org.springframework.beans.factory.support.AbstractAutowireCapableBeanFactory.invokeInitMethods(AbstractAutowireCapableBeanFactory.java:1822)
	at org.springframework.beans.factory.support.AbstractAutowireCapableBeanFactory.initializeBean(AbstractAutowireCapableBeanFactory.java:1771)
	at org.springframework.beans.factory.support.AbstractAutowireCapableBeanFactory.doCreateBean(AbstractAutowireCapableBeanFactory.java:601)
	at org.springframework.beans.factory.support.AbstractAutowireCapableBeanFactory.createBean(AbstractAutowireCapableBeanFactory.java:523)
	at org.springframework.beans.factory.support.AbstractBeanFactory.lambda$doGetBean$0(AbstractBeanFactory.java:325)
	at org.springframework.beans.factory.support.DefaultSingletonBeanRegistry.getSingleton(DefaultSingletonBeanRegistry.java:234)
	at org.springframework.beans.factory.support.AbstractBeanFactory.doGetBean(AbstractBeanFactory.java:323)
	at org.springframework.beans.factory.support.AbstractBeanFactory.getBean(AbstractBeanFactory.java:199)
	at org.springframework.context.support.AbstractApplicationContext.getBean(AbstractApplicationContext.java:1173)
	at org.springframework.context.support.AbstractApplicationContext.finishBeanFactoryInitialization(AbstractApplicationContext.java:936)
	at org.springframework.context.support.AbstractApplicationContext.refresh(AbstractApplicationContext.java:616)
	at org.springframework.boot.web.servlet.context.ServletWebServerApplicationContext.refresh(ServletWebServerApplicationContext.java:146)
	at org.springframework.boot.SpringApplication.refresh(SpringApplication.java:753)
	at org.springframework.boot.SpringApplication.refreshContext(SpringApplication.java:455)
	at org.springframework.boot.SpringApplication.run(SpringApplication.java:323)
	at org.springframework.boot.SpringApplication.run(SpringApplication.java:1342)
	at org.springframework.boot.SpringApplication.run(SpringApplication.java:1331)
	at com.example.Project4Application.main(Project4Application.java:20)
Caused by: java.net.ConnectException: Connection refused
	at java.base/sun.nio.ch.Net.pollConnect(Native Method)
	at java.base/sun.nio.ch.Net.pollConnectNow(Net.java:672)
	at java.base/sun.nio.ch.NioSocketImpl.timedFinishConnect(NioSocketImpl.java:547)
	at java.base/sun.nio.ch.NioSocketImpl.connect(NioSocketImpl.java:602)
	at java.base/java.net.SocksSocketImpl.connect(SocksSocketImpl.java:327)
	at java.base/java.net.Socket.connect(Socket.java:633)
	at org.postgresql.core.PGStream.createSocket(PGStream.java:243)
	at org.postgresql.core.PGStream.<init>(PGStream.java:98)
	at org.postgresql.core.v3.ConnectionFactoryImpl.tryConnect(ConnectionFactoryImpl.java:132)
	at org.postgresql.core.v3.ConnectionFactoryImpl.openConnectionImpl(ConnectionFactoryImpl.java:258)
	... 50 common frames omitted
2025-11-24 16:43:33.989 [main] ERROR com.zaxxer.hikari.pool.HikariPool - HikariPool-1 - Exception during pool initialization.
org.postgresql.util.PSQLException: Connection to localhost:5433 refused. Check that the hostname and port are correct and that the postmaster is accepting TCP/IP connections.
	at org.postgresql.core.v3.ConnectionFactoryImpl.openConnectionImpl(ConnectionFactoryImpl.java:342)
	at org.postgresql.core.ConnectionFactory.openConnection(ConnectionFactory.java:54)
	at org.postgresql.jdbc.PgConnection.<init>(PgConnection.java:263)
	at org.postgresql.Driver.makeConnection(Driver.java:443)
	at org.postgresql.Driver.connect(Driver.java:297)
	at com.zaxxer.hikari.util.DriverDataSource.getConnection(DriverDataSource.java:138)
	at com.zaxxer.hikari.pool.PoolBase.newConnection(PoolBase.java:359)
	at com.zaxxer.hikari.pool.PoolBase.newPoolEntry(PoolBase.java:201)
	at com.zaxxer.hikari.pool.HikariPool.createPoolEntry(HikariPool.java:470)
	at com.zaxxer.hikari.pool.HikariPool.checkFailFast(HikariPool.java:561)
	at com.zaxxer.hikari.pool.HikariPool.<init>(HikariPool.java:100)
	at com.zaxxer.hikari.HikariDataSource.getConnection(HikariDataSource.java:112)
	at org.hibernate.engine.jdbc.connections.internal.DatasourceConnectionProviderImpl.getConnection(DatasourceConnectionProviderImpl.java:122)
	at org.hibernate.engine.jdbc.env.internal.JdbcEnvironmentInitiator$ConnectionProviderJdbcConnectionAccess.obtainConnection(JdbcEnvironmentInitiator.java:424)
	at org.hibernate.resource.transaction.backend.jdbc.internal.DdlTransactionIsolatorNonJtaImpl.getIsolatedConnection(DdlTransactionIsolatorNonJtaImpl.java:46)
	at org.hibernate.tool.schema.internal.exec.GenerationTargetToDatabase.getIsolatedConnection(GenerationTargetToDatabase.java:60)
	at org.hibernate.tool.schema.internal.exec.GenerationTargetToDatabase.jdbcStatement(GenerationTargetToDatabase.java:112)
	at org.hibernate.tool.schema.internal.exec.GenerationTargetToDatabase.accept(GenerationTargetToDatabase.java:79)
	at org.hibernate.tool.schema.internal.Helper.applySqlString(Helper.java:233)
	at org.hibernate.tool.schema.internal.Helper.applySqlStrings(Helper.java:217)
	at org.hibernate.tool.schema.internal.SchemaDropperImpl.dropTables(SchemaDropperImpl.java:377)
	at org.hibernate.tool.schema.internal.SchemaDropperImpl.dropConstraintsTablesSequences(SchemaDropperImpl.java:253)
	at org.hibernate.tool.schema.internal.SchemaDropperImpl.dropFromMetadata(SchemaDropperImpl.java:215)
	at org.hibernate.tool.schema.internal.SchemaDropperImpl.performDrop(SchemaDropperImpl.java:185)
	at org.hibernate.tool.schema.internal.SchemaDropperImpl.doDrop(SchemaDropperImpl.java:155)
	at org.hibernate.tool.schema.internal.SchemaDropperImpl.doDrop(SchemaDropperImpl.java:115)
	at org.hibernate.tool.schema.spi.SchemaManagementToolCoordinator.performDatabaseAction(SchemaManagementToolCoordinator.java:244)
	at org.hibernate.tool.schema.spi.SchemaManagementToolCoordinator.lambda$process$5(SchemaManagementToolCoordinator.java:145)
	at java.base/java.util.HashMap.forEach(HashMap.java:1421)
	at org.hibernate.tool.schema.spi.SchemaManagementToolCoordinator.process(SchemaManagementToolCoordinator.java:142)
	at org.hibernate.boot.internal.SessionFactoryObserverForSchemaExport.sessionFactoryCreated(SessionFactoryObserverForSchemaExport.java:37)
	at org.hibernate.internal.SessionFactoryObserverChain.sessionFactoryCreated(SessionFactoryObserverChain.java:35)
	at org.hibernate.internal.SessionFactoryImpl.<init>(SessionFactoryImpl.java:295)
	at org.hibernate.boot.internal.SessionFactoryBuilderImpl.build(SessionFactoryBuilderImpl.java:450)
	at org.hibernate.jpa.boot.internal.EntityManagerFactoryBuilderImpl.build(EntityManagerFactoryBuilderImpl.java:1507)
	at org.springframework.orm.jpa.vendor.SpringHibernateJpaPersistenceProvider.createContainerEntityManagerFactory(SpringHibernateJpaPersistenceProvider.java:75)
	at org.springframework.orm.jpa.LocalContainerEntityManagerFactoryBean.createNativeEntityManagerFactory(LocalContainerEntityManagerFactoryBean.java:376)
	at org.springframework.orm.jpa.AbstractEntityManagerFactoryBean.buildNativeEntityManagerFactory(AbstractEntityManagerFactoryBean.java:409)
	at org.springframework.orm.jpa.AbstractEntityManagerFactoryBean.afterPropertiesSet(AbstractEntityManagerFactoryBean.java:396)
	at org.springframework.orm.jpa.LocalContainerEntityManagerFactoryBean.afterPropertiesSet(LocalContainerEntityManagerFactoryBean.java:352)
	at org.springframework.beans.factory.support.AbstractAutowireCapableBeanFactory.invokeInitMethods(AbstractAutowireCapableBeanFactory.java:1822)
	at org.springframework.beans.factory.support.AbstractAutowireCapableBeanFactory.initializeBean(AbstractAutowireCapableBeanFactory.java:1771)
	at org.springframework.beans.factory.support.AbstractAutowireCapableBeanFactory.doCreateBean(AbstractAutowireCapableBeanFactory.java:601)
	at org.springframework.beans.factory.support.AbstractAutowireCapableBeanFactory.createBean(AbstractAutowireCapableBeanFactory.java:523)
	at org.springframework.beans.factory.support.AbstractBeanFactory.lambda$doGetBean$0(AbstractBeanFactory.java:325)
	at org.springframework.beans.factory.support.DefaultSingletonBeanRegistry.getSingleton(DefaultSingletonBeanRegistry.java:234)
	at org.springframework.beans.factory.support.AbstractBeanFactory.doGetBean(AbstractBeanFactory.java:323)
	at org.springframework.beans.factory.support.AbstractBeanFactory.getBean(AbstractBeanFactory.java:199)
	at org.springframework.context.support.AbstractApplicationContext.getBean(AbstractApplicationContext.java:1173)
	at org.springframework.context.support.AbstractApplicationContext.finishBeanFactoryInitialization(AbstractApplicationContext.java:936)
	at org.springframework.context.support.AbstractApplicationContext.refresh(AbstractApplicationContext.java:616)
	at org.springframework.boot.web.servlet.context.ServletWebServerApplicationContext.refresh(ServletWebServerApplicationContext.java:146)
	at org.springframework.boot.SpringApplication.refresh(SpringApplication.java:753)
	at org.springframework.boot.SpringApplication.refreshContext(SpringApplication.java:455)
	at org.springframework.boot.SpringApplication.run(SpringApplication.java:323)
	at org.springframework.boot.SpringApplication.run(SpringApplication.java:1342)
	at org.springframework.boot.SpringApplication.run(SpringApplication.java:1331)
	at com.example.Project4Application.main(Project4Application.java:20)
Caused by: java.net.ConnectException: Connection refused
	at java.base/sun.nio.ch.Net.pollConnect(Native Method)
	at java.base/sun.nio.ch.Net.pollConnectNow(Net.java:672)
	at java.base/sun.nio.ch.NioSocketImpl.timedFinishConnect(NioSocketImpl.java:547)
	at java.base/sun.nio.ch.NioSocketImpl.connect(NioSocketImpl.java:602)
	at java.base/java.net.SocksSocketImpl.connect(SocksSocketImpl.java:327)
	at java.base/java.net.Socket.connect(Socket.java:633)
	at org.postgresql.core.PGStream.createSocket(PGStream.java:243)
	at org.postgresql.core.PGStream.<init>(PGStream.java:98)
	at org.postgresql.core.v3.ConnectionFactoryImpl.tryConnect(ConnectionFactoryImpl.java:132)
	at org.postgresql.core.v3.ConnectionFactoryImpl.openConnectionImpl(ConnectionFactoryImpl.java:258)
	... 57 common frames omitted
2025-11-24 16:43:33.990 [main] ERROR o.h.e.jdbc.spi.SqlExceptionHelper - Connection to localhost:5433 refused. Check that the hostname and port are correct and that the postmaster is accepting TCP/IP connections.
2025-11-24 16:43:33.993 [main] ERROR o.s.o.j.LocalContainerEntityManagerFactoryBean - Failed to initialize JPA EntityManagerFactory: [PersistenceUnit: default] Unable to build Hibernate SessionFactory; nested exception is org.hibernate.exception.JDBCConnectionException: Unable to open JDBC Connection for DDL execution [Connection to localhost:5433 refused. Check that the hostname and port are correct and that the postmaster is accepting TCP/IP connections.] [n/a]
2025-11-24 16:43:33.994 [main] WARN  o.s.b.w.s.c.AnnotationConfigServletWebServerApplicationContext - Exception encountered during context initialization - cancelling refresh attempt: org.springframework.beans.factory.BeanCreationException: Error creating bean with name 'entityManagerFactory' defined in class path resource [org/springframework/boot/autoconfigure/orm/jpa/HibernateJpaConfiguration.class]: [PersistenceUnit: default] Unable to build Hibernate SessionFactory; nested exception is org.hibernate.exception.JDBCConnectionException: Unable to open JDBC Connection for DDL execution [Connection to localhost:5433 refused. Check that the hostname and port are correct and that the postmaster is accepting TCP/IP connections.] [n/a]
2025-11-24 16:43:33.995 [main] INFO  o.a.catalina.core.StandardService - Stopping service [Tomcat]
2025-11-24 16:43:34.004 [main] INFO  o.s.b.a.l.ConditionEvaluationReportLogger - 

Error starting ApplicationContext. To display the condition evaluation report re-run your application with 'debug' enabled.
2025-11-24 16:43:34.011 [main] ERROR o.s.boot.SpringApplication - Application run failed
org.springframework.beans.factory.BeanCreationException: Error creating bean with name 'entityManagerFactory' defined in class path resource [org/springframework/boot/autoconfigure/orm/jpa/HibernateJpaConfiguration.class]: [PersistenceUnit: default] Unable to build Hibernate SessionFactory; nested exception is org.hibernate.exception.JDBCConnectionException: Unable to open JDBC Connection for DDL execution [Connection to localhost:5433 refused. Check that the hostname and port are correct and that the postmaster is accepting TCP/IP connections.] [n/a]
	at org.springframework.beans.factory.support.AbstractAutowireCapableBeanFactory.initializeBean(AbstractAutowireCapableBeanFactory.java:1775)
	at org.springframework.beans.factory.support.AbstractAutowireCapableBeanFactory.doCreateBean(AbstractAutowireCapableBeanFactory.java:601)
	at org.springframework.beans.factory.support.AbstractAutowireCapableBeanFactory.createBean(AbstractAutowireCapableBeanFactory.java:523)
	at org.springframework.beans.factory.support.AbstractBeanFactory.lambda$doGetBean$0(AbstractBeanFactory.java:325)
	at org.springframework.beans.factory.support.DefaultSingletonBeanRegistry.getSingleton(DefaultSingletonBeanRegistry.java:234)
	at org.springframework.beans.factory.support.AbstractBeanFactory.doGetBean(AbstractBeanFactory.java:323)
	at org.springframework.beans.factory.support.AbstractBeanFactory.getBean(AbstractBeanFactory.java:199)
	at org.springframework.context.support.AbstractApplicationContext.getBean(AbstractApplicationContext.java:1173)
	at org.springframework.context.support.AbstractApplicationContext.finishBeanFactoryInitialization(AbstractApplicationContext.java:936)
	at org.springframework.context.support.AbstractApplicationContext.refresh(AbstractApplicationContext.java:616)
	at org.springframework.boot.web.servlet.context.ServletWebServerApplicationContext.refresh(ServletWebServerApplicationContext.java:146)
	at org.springframework.boot.SpringApplication.refresh(SpringApplication.java:753)
	at org.springframework.boot.SpringApplication.refreshContext(SpringApplication.java:455)
	at org.springframework.boot.SpringApplication.run(SpringApplication.java:323)
	at org.springframework.boot.SpringApplication.run(SpringApplication.java:1342)
	at org.springframework.boot.SpringApplication.run(SpringApplication.java:1331)
	at com.example.Project4Application.main(Project4Application.java:20)
Caused by: jakarta.persistence.PersistenceException: [PersistenceUnit: default] Unable to build Hibernate SessionFactory; nested exception is org.hibernate.exception.JDBCConnectionException: Unable to open JDBC Connection for DDL execution [Connection to localhost:5433 refused. Check that the hostname and port are correct and that the postmaster is accepting TCP/IP connections.] [n/a]
	at org.springframework.orm.jpa.AbstractEntityManagerFactoryBean.buildNativeEntityManagerFactory(AbstractEntityManagerFactoryBean.java:421)
	at org.springframework.orm.jpa.AbstractEntityManagerFactoryBean.afterPropertiesSet(AbstractEntityManagerFactoryBean.java:396)
	at org.springframework.orm.jpa.LocalContainerEntityManagerFactoryBean.afterPropertiesSet(LocalContainerEntityManagerFactoryBean.java:352)
	at org.springframework.beans.factory.support.AbstractAutowireCapableBeanFactory.invokeInitMethods(AbstractAutowireCapableBeanFactory.java:1822)
	at org.springframework.beans.factory.support.AbstractAutowireCapableBeanFactory.initializeBean(AbstractAutowireCapableBeanFactory.java:1771)
	... 16 common frames omitted
Caused by: org.hibernate.exception.JDBCConnectionException: Unable to open JDBC Connection for DDL execution [Connection to localhost:5433 refused. Check that the hostname and port are correct and that the postmaster is accepting TCP/IP connections.] [n/a]
	at org.hibernate.exception.internal.SQLStateConversionDelegate.convert(SQLStateConversionDelegate.java:100)
	at org.hibernate.exception.internal.StandardSQLExceptionConverter.convert(StandardSQLExceptionConverter.java:58)
	at org.hibernate.engine.jdbc.spi.SqlExceptionHelper.convert(SqlExceptionHelper.java:108)
	at org.hibernate.engine.jdbc.spi.SqlExceptionHelper.convert(SqlExceptionHelper.java:94)
	at org.hibernate.resource.transaction.backend.jdbc.internal.DdlTransactionIsolatorNonJtaImpl.getIsolatedConnection(DdlTransactionIsolatorNonJtaImpl.java:74)
	at org.hibernate.tool.schema.internal.exec.GenerationTargetToDatabase.getIsolatedConnection(GenerationTargetToDatabase.java:60)
	at org.hibernate.tool.schema.internal.exec.GenerationTargetToDatabase.jdbcStatement(GenerationTargetToDatabase.java:112)
	at org.hibernate.tool.schema.internal.exec.GenerationTargetToDatabase.accept(GenerationTargetToDatabase.java:79)
	at org.hibernate.tool.schema.internal.Helper.applySqlString(Helper.java:233)
	at org.hibernate.tool.schema.internal.Helper.applySqlStrings(Helper.java:217)
	at org.hibernate.tool.schema.internal.SchemaDropperImpl.dropTables(SchemaDropperImpl.java:377)
	at org.hibernate.tool.schema.internal.SchemaDropperImpl.dropConstraintsTablesSequences(SchemaDropperImpl.java:253)
	at org.hibernate.tool.schema.internal.SchemaDropperImpl.dropFromMetadata(SchemaDropperImpl.java:215)
	at org.hibernate.tool.schema.internal.SchemaDropperImpl.performDrop(SchemaDropperImpl.java:185)
	at org.hibernate.tool.schema.internal.SchemaDropperImpl.doDrop(SchemaDropperImpl.java:155)
	at org.hibernate.tool.schema.internal.SchemaDropperImpl.doDrop(SchemaDropperImpl.java:115)
	at org.hibernate.tool.schema.spi.SchemaManagementToolCoordinator.performDatabaseAction(SchemaManagementToolCoordinator.java:244)
	at org.hibernate.tool.schema.spi.SchemaManagementToolCoordinator.lambda$process$5(SchemaManagementToolCoordinator.java:145)
	at java.base/java.util.HashMap.forEach(HashMap.java:1421)
	at org.hibernate.tool.schema.spi.SchemaManagementToolCoordinator.process(SchemaManagementToolCoordinator.java:142)
	at org.hibernate.boot.internal.SessionFactoryObserverForSchemaExport.sessionFactoryCreated(SessionFactoryObserverForSchemaExport.java:37)
	at org.hibernate.internal.SessionFactoryObserverChain.sessionFactoryCreated(SessionFactoryObserverChain.java:35)
	at org.hibernate.internal.SessionFactoryImpl.<init>(SessionFactoryImpl.java:295)
	at org.hibernate.boot.internal.SessionFactoryBuilderImpl.build(SessionFactoryBuilderImpl.java:450)
	at org.hibernate.jpa.boot.internal.EntityManagerFactoryBuilderImpl.build(EntityManagerFactoryBuilderImpl.java:1507)
	at org.springframework.orm.jpa.vendor.SpringHibernateJpaPersistenceProvider.createContainerEntityManagerFactory(SpringHibernateJpaPersistenceProvider.java:75)
	at org.springframework.orm.jpa.LocalContainerEntityManagerFactoryBean.createNativeEntityManagerFactory(LocalContainerEntityManagerFactoryBean.java:376)
	at org.springframework.orm.jpa.AbstractEntityManagerFactoryBean.buildNativeEntityManagerFactory(AbstractEntityManagerFactoryBean.java:409)
	... 20 common frames omitted
Caused by: org.postgresql.util.PSQLException: Connection to localhost:5433 refused. Check that the hostname and port are correct and that the postmaster is accepting TCP/IP connections.
	at org.postgresql.core.v3.ConnectionFactoryImpl.openConnectionImpl(ConnectionFactoryImpl.java:342)
	at org.postgresql.core.ConnectionFactory.openConnection(ConnectionFactory.java:54)
	at org.postgresql.jdbc.PgConnection.<init>(PgConnection.java:263)
	at org.postgresql.Driver.makeConnection(Driver.java:443)
	at org.postgresql.Driver.connect(Driver.java:297)
	at com.zaxxer.hikari.util.DriverDataSource.getConnection(DriverDataSource.java:138)
	at com.zaxxer.hikari.pool.PoolBase.newConnection(PoolBase.java:359)
	at com.zaxxer.hikari.pool.PoolBase.newPoolEntry(PoolBase.java:201)
	at com.zaxxer.hikari.pool.HikariPool.createPoolEntry(HikariPool.java:470)
	at com.zaxxer.hikari.pool.HikariPool.checkFailFast(HikariPool.java:561)
	at com.zaxxer.hikari.pool.HikariPool.<init>(HikariPool.java:100)
	at com.zaxxer.hikari.HikariDataSource.getConnection(HikariDataSource.java:112)
	at org.hibernate.engine.jdbc.connections.internal.DatasourceConnectionProviderImpl.getConnection(DatasourceConnectionProviderImpl.java:122)
	at org.hibernate.engine.jdbc.env.internal.JdbcEnvironmentInitiator$ConnectionProviderJdbcConnectionAccess.obtainConnection(JdbcEnvironmentInitiator.java:424)
	at org.hibernate.resource.transaction.backend.jdbc.internal.DdlTransactionIsolatorNonJtaImpl.getIsolatedConnection(DdlTransactionIsolatorNonJtaImpl.java:46)
	... 43 common frames omitted
Caused by: java.net.ConnectException: Connection refused
	at java.base/sun.nio.ch.Net.pollConnect(Native Method)
	at java.base/sun.nio.ch.Net.pollConnectNow(Net.java:672)
	at java.base/sun.nio.ch.NioSocketImpl.timedFinishConnect(NioSocketImpl.java:547)
	at java.base/sun.nio.ch.NioSocketImpl.connect(NioSocketImpl.java:602)
	at java.base/java.net.SocksSocketImpl.connect(SocksSocketImpl.java:327)
	at java.base/java.net.Socket.connect(Socket.java:633)
	at org.postgresql.core.PGStream.createSocket(PGStream.java:243)
	at org.postgresql.core.PGStream.<init>(PGStream.java:98)
	at org.postgresql.core.v3.ConnectionFactoryImpl.tryConnect(ConnectionFactoryImpl.java:132)
	at org.postgresql.core.v3.ConnectionFactoryImpl.openConnectionImpl(ConnectionFactoryImpl.java:258)
	... 57 common frames omitted
2025-11-24 16:44:44.228 [main] INFO  com.example.Project4Application - Starting Project4Application using Java 17.0.14 with PID 34723 (/home/tilium/Desktop/Aston-2/Project7/user-service/target/classes started by tilium in /home/tilium/Desktop/Aston-2/Project7)
2025-11-24 16:44:44.230 [main] DEBUG com.example.Project4Application - Running with Spring Boot v3.2.0, Spring v6.1.1
2025-11-24 16:44:44.230 [main] INFO  com.example.Project4Application - No active profile set, falling back to 1 default profile: "default"
2025-11-24 16:44:44.266 [main] INFO  o.s.b.d.c.l.DockerComposeLifecycleManager - Using Docker Compose file '/home/tilium/Desktop/Aston-2/Project7/user-service/compose.yaml'
2025-11-24 16:44:44.808 [OutputReader-stderr] INFO  o.s.b.docker.compose.core.DockerCli -  Container gubenko-zookeeper  Creating
2025-11-24 16:44:44.809 [OutputReader-stderr] INFO  o.s.b.docker.compose.core.DockerCli -  Container gubenko-postgres  Creating
2025-11-24 16:44:44.881 [OutputReader-stderr] INFO  o.s.b.docker.compose.core.DockerCli -  Container gubenko-postgres  Created
2025-11-24 16:44:44.892 [OutputReader-stderr] INFO  o.s.b.docker.compose.core.DockerCli -  Container gubenko-zookeeper  Created
2025-11-24 16:44:44.893 [OutputReader-stderr] INFO  o.s.b.docker.compose.core.DockerCli -  Container gubenko-kafka  Creating
2025-11-24 16:44:44.931 [OutputReader-stderr] INFO  o.s.b.docker.compose.core.DockerCli -  Container gubenko-kafka  Created
2025-11-24 16:44:44.933 [OutputReader-stderr] INFO  o.s.b.docker.compose.core.DockerCli -  Container gubenko-zookeeper  Starting
2025-11-24 16:44:44.933 [OutputReader-stderr] INFO  o.s.b.docker.compose.core.DockerCli -  Container gubenko-postgres  Starting
2025-11-24 16:44:45.091 [OutputReader-stderr] INFO  o.s.b.docker.compose.core.DockerCli -  Container gubenko-postgres  Started
2025-11-24 16:44:45.110 [OutputReader-stderr] INFO  o.s.b.docker.compose.core.DockerCli -  Container gubenko-zookeeper  Started
2025-11-24 16:44:45.110 [OutputReader-stderr] INFO  o.s.b.docker.compose.core.DockerCli -  Container gubenko-kafka  Starting
2025-11-24 16:44:45.246 [OutputReader-stderr] INFO  o.s.b.docker.compose.core.DockerCli -  Container gubenko-kafka  Started
2025-11-24 16:44:45.246 [OutputReader-stderr] INFO  o.s.b.docker.compose.core.DockerCli -  Container gubenko-postgres  Waiting
2025-11-24 16:44:45.246 [OutputReader-stderr] INFO  o.s.b.docker.compose.core.DockerCli -  Container gubenko-zookeeper  Waiting
2025-11-24 16:44:45.246 [OutputReader-stderr] INFO  o.s.b.docker.compose.core.DockerCli -  Container gubenko-kafka  Waiting
2025-11-24 16:44:45.747 [OutputReader-stderr] INFO  o.s.b.docker.compose.core.DockerCli -  Container gubenko-postgres  Healthy
2025-11-24 16:44:45.748 [OutputReader-stderr] INFO  o.s.b.docker.compose.core.DockerCli -  Container gubenko-zookeeper  Healthy
2025-11-24 16:44:56.747 [OutputReader-stderr] INFO  o.s.b.docker.compose.core.DockerCli -  Container gubenko-kafka  Healthy
2025-11-24 16:44:58.212 [main] INFO  o.s.b.w.e.tomcat.TomcatWebServer - Tomcat initialized with port 8080 (http)
2025-11-24 16:44:58.218 [main] INFO  o.a.catalina.core.StandardService - Starting service [Tomcat]
2025-11-24 16:44:58.218 [main] INFO  o.a.catalina.core.StandardEngine - Starting Servlet engine: [Apache Tomcat/10.1.16]
2025-11-24 16:44:58.263 [main] INFO  o.a.c.c.C.[Tomcat].[localhost].[/] - Initializing Spring embedded WebApplicationContext
2025-11-24 16:44:58.263 [main] INFO  o.s.b.w.s.c.ServletWebServerApplicationContext - Root WebApplicationContext: initialization completed in 748 ms
2025-11-24 16:44:59.398 [main] WARN  o.s.b.a.o.j.JpaBaseConfiguration$JpaWebConfiguration - spring.jpa.open-in-view is enabled by default. Therefore, database queries may be performed during view rendering. Explicitly configure spring.jpa.open-in-view to disable this warning
2025-11-24 16:44:59.892 [main] INFO  o.s.b.w.e.tomcat.TomcatWebServer - Tomcat started on port 8080 (http) with context path ''
2025-11-24 16:45:00.014 [main] INFO  com.example.Project4Application - Started Project4Application in 16.06 seconds (process running for 16.264)
2025-11-24 16:45:15.644 [http-nio-8080-exec-2] INFO  o.a.c.c.C.[Tomcat].[localhost].[/] - Initializing Spring DispatcherServlet 'dispatcherServlet'
2025-11-24 16:45:15.670 [http-nio-8080-exec-2] INFO  com.example.service.UserService - DB event: try to deleteUserById 2
2025-11-24 16:45:15.702 [http-nio-8080-exec-2] INFO  com.example.service.UserService - DB event: success deleteUserById 2
2025-11-24 16:45:15.786 [kafka-producer-network-thread | producer-1] INFO  com.example.service.KafkaService - ORIGINAL KAFKA Successfully sent DELETE event for user: mail2@example.com, partition: 0, offset: 0
2025-11-24 16:45:28.089 [main] INFO  com.example.Project4Application - Starting Project4Application using Java 17.0.14 with PID 36564 (/home/tilium/Desktop/Aston-2/Project7/user-service/target/classes started by tilium in /home/tilium/Desktop/Aston-2/Project7)
2025-11-24 16:45:28.090 [main] DEBUG com.example.Project4Application - Running with Spring Boot v3.2.0, Spring v6.1.1
2025-11-24 16:45:28.091 [main] INFO  com.example.Project4Application - No active profile set, falling back to 1 default profile: "default"
2025-11-24 16:45:28.131 [main] INFO  o.s.b.d.c.l.DockerComposeLifecycleManager - Using Docker Compose file '/home/tilium/Desktop/Aston-2/Project7/user-service/compose.yaml'
2025-11-24 16:45:28.686 [OutputReader-stderr] INFO  o.s.b.docker.compose.core.DockerCli -  Container gubenko-zookeeper  Starting
2025-11-24 16:45:28.686 [OutputReader-stderr] INFO  o.s.b.docker.compose.core.DockerCli -  Container gubenko-postgres  Starting
2025-11-24 16:45:28.865 [OutputReader-stderr] INFO  o.s.b.docker.compose.core.DockerCli -  Container gubenko-zookeeper  Started
2025-11-24 16:45:28.866 [OutputReader-stderr] INFO  o.s.b.docker.compose.core.DockerCli -  Container gubenko-kafka  Starting
2025-11-24 16:45:28.889 [OutputReader-stderr] INFO  o.s.b.docker.compose.core.DockerCli -  Container gubenko-postgres  Started
2025-11-24 16:45:29.005 [OutputReader-stderr] INFO  o.s.b.docker.compose.core.DockerCli -  Container gubenko-kafka  Started
2025-11-24 16:45:29.005 [OutputReader-stderr] INFO  o.s.b.docker.compose.core.DockerCli -  Container gubenko-postgres  Waiting
2025-11-24 16:45:29.006 [OutputReader-stderr] INFO  o.s.b.docker.compose.core.DockerCli -  Container gubenko-zookeeper  Waiting
2025-11-24 16:45:29.006 [OutputReader-stderr] INFO  o.s.b.docker.compose.core.DockerCli -  Container gubenko-kafka  Waiting
2025-11-24 16:45:29.507 [OutputReader-stderr] INFO  o.s.b.docker.compose.core.DockerCli -  Container gubenko-postgres  Healthy
2025-11-24 16:45:29.508 [OutputReader-stderr] INFO  o.s.b.docker.compose.core.DockerCli -  Container gubenko-zookeeper  Healthy
2025-11-24 16:45:40.506 [OutputReader-stderr] INFO  o.s.b.docker.compose.core.DockerCli -  Container gubenko-kafka  Healthy
2025-11-24 16:45:41.977 [main] INFO  o.s.b.w.e.tomcat.TomcatWebServer - Tomcat initialized with port 8080 (http)
2025-11-24 16:45:41.982 [main] INFO  o.a.catalina.core.StandardService - Starting service [Tomcat]
2025-11-24 16:45:41.982 [main] INFO  o.a.catalina.core.StandardEngine - Starting Servlet engine: [Apache Tomcat/10.1.16]
2025-11-24 16:45:42.020 [main] INFO  o.a.c.c.C.[Tomcat].[localhost].[/] - Initializing Spring embedded WebApplicationContext
2025-11-24 16:45:42.021 [main] INFO  o.s.b.w.s.c.ServletWebServerApplicationContext - Root WebApplicationContext: initialization completed in 747 ms
2025-11-24 16:45:43.211 [main] WARN  o.s.b.a.o.j.JpaBaseConfiguration$JpaWebConfiguration - spring.jpa.open-in-view is enabled by default. Therefore, database queries may be performed during view rendering. Explicitly configure spring.jpa.open-in-view to disable this warning
2025-11-24 16:45:43.707 [main] INFO  o.s.b.w.e.tomcat.TomcatWebServer - Tomcat started on port 8080 (http) with context path ''
2025-11-24 16:45:43.806 [main] INFO  com.example.Project4Application - Started Project4Application in 15.993 seconds (process running for 16.203)
2025-11-24 16:46:27.738 [main] INFO  com.example.Project4Application - Starting Project4Application using Java 17.0.14 with PID 39097 (/home/tilium/Desktop/Aston-2/Project7/user-service/target/classes started by tilium in /home/tilium/Desktop/Aston-2/Project7)
2025-11-24 16:46:27.740 [main] DEBUG com.example.Project4Application - Running with Spring Boot v3.2.0, Spring v6.1.1
2025-11-24 16:46:27.740 [main] INFO  com.example.Project4Application - No active profile set, falling back to 1 default profile: "default"
2025-11-24 16:46:27.777 [main] INFO  o.s.b.d.c.l.DockerComposeLifecycleManager - Using Docker Compose file '/home/tilium/Desktop/Aston-2/Project7/user-service/compose.yaml'
2025-11-24 16:46:28.309 [OutputReader-stderr] INFO  o.s.b.docker.compose.core.DockerCli -  Container gubenko-postgres  Starting
2025-11-24 16:46:28.309 [OutputReader-stderr] INFO  o.s.b.docker.compose.core.DockerCli -  Container gubenko-zookeeper  Starting
2025-11-24 16:46:28.521 [OutputReader-stderr] INFO  o.s.b.docker.compose.core.DockerCli -  Container gubenko-postgres  Started
2025-11-24 16:46:28.540 [OutputReader-stderr] INFO  o.s.b.docker.compose.core.DockerCli -  Container gubenko-zookeeper  Started
2025-11-24 16:46:28.541 [OutputReader-stderr] INFO  o.s.b.docker.compose.core.DockerCli -  Container gubenko-kafka  Starting
2025-11-24 16:46:28.681 [OutputReader-stderr] INFO  o.s.b.docker.compose.core.DockerCli -  Container gubenko-kafka  Started
2025-11-24 16:46:28.681 [OutputReader-stderr] INFO  o.s.b.docker.compose.core.DockerCli -  Container gubenko-zookeeper  Waiting
2025-11-24 16:46:28.681 [OutputReader-stderr] INFO  o.s.b.docker.compose.core.DockerCli -  Container gubenko-kafka  Waiting
2025-11-24 16:46:28.681 [OutputReader-stderr] INFO  o.s.b.docker.compose.core.DockerCli -  Container gubenko-postgres  Waiting
2025-11-24 16:46:29.182 [OutputReader-stderr] INFO  o.s.b.docker.compose.core.DockerCli -  Container gubenko-postgres  Healthy
2025-11-24 16:46:29.183 [OutputReader-stderr] INFO  o.s.b.docker.compose.core.DockerCli -  Container gubenko-zookeeper  Healthy
2025-11-24 16:46:40.182 [OutputReader-stderr] INFO  o.s.b.docker.compose.core.DockerCli -  Container gubenko-kafka  Healthy
2025-11-24 16:46:41.677 [main] INFO  o.s.b.w.e.tomcat.TomcatWebServer - Tomcat initialized with port 8080 (http)
2025-11-24 16:46:41.684 [main] INFO  o.a.catalina.core.StandardService - Starting service [Tomcat]
2025-11-24 16:46:41.685 [main] INFO  o.a.catalina.core.StandardEngine - Starting Servlet engine: [Apache Tomcat/10.1.16]
2025-11-24 16:46:41.725 [main] INFO  o.a.c.c.C.[Tomcat].[localhost].[/] - Initializing Spring embedded WebApplicationContext
2025-11-24 16:46:41.725 [main] INFO  o.s.b.w.s.c.ServletWebServerApplicationContext - Root WebApplicationContext: initialization completed in 775 ms
2025-11-24 16:46:42.856 [main] WARN  o.s.b.a.o.j.JpaBaseConfiguration$JpaWebConfiguration - spring.jpa.open-in-view is enabled by default. Therefore, database queries may be performed during view rendering. Explicitly configure spring.jpa.open-in-view to disable this warning
2025-11-24 16:46:43.300 [main] INFO  o.s.b.w.e.tomcat.TomcatWebServer - Tomcat started on port 8080 (http) with context path ''
2025-11-24 16:46:43.442 [main] INFO  com.example.Project4Application - Started Project4Application in 15.98 seconds (process running for 16.188)
